{
  "/home/asishk/Desktop/wabash/wabash-poc/frontend/src/components/atoms/Button/index.tsx": {
    "path": "/home/asishk/Desktop/wabash/wabash-poc/frontend/src/components/atoms/Button/index.tsx",
    "statementMap": {
      "0": {
        "start": { "line": 21, "column": 21 },
        "end": { "line": 46, "column": 1 }
      },
      "1": {
        "start": { "line": 22, "column": 74 },
        "end": { "line": 45, "column": 3 }
      },
      "2": {
        "start": { "line": 48, "column": 15 },
        "end": { "line": 74, "column": 1 }
      },
      "3": {
        "start": { "line": 56, "column": 2 },
        "end": { "line": 73, "column": 4 }
      }
    },
    "fnMap": {
      "0": {
        "name": "(anonymous_0)",
        "decl": {
          "start": { "line": 22, "column": 2 },
          "end": { "line": 22, "column": 3 }
        },
        "loc": {
          "start": { "line": 22, "column": 74 },
          "end": { "line": 45, "column": 3 }
        },
        "line": 22
      },
      "1": {
        "name": "(anonymous_1)",
        "decl": {
          "start": { "line": 48, "column": 15 },
          "end": { "line": 48, "column": 16 }
        },
        "loc": {
          "start": { "line": 55, "column": 19 },
          "end": { "line": 74, "column": 1 }
        },
        "line": 55
      }
    },
    "branchMap": {},
    "s": { "0": 0, "1": 0, "2": 0, "3": 0 },
    "f": { "0": 0, "1": 0 },
    "b": {}
  },
  "/home/asishk/Desktop/wabash/wabash-poc/frontend/src/components/atoms/Checkbox/index.tsx": {
    "path": "/home/asishk/Desktop/wabash/wabash-poc/frontend/src/components/atoms/Checkbox/index.tsx",
    "statementMap": {
      "0": {
        "start": { "line": 19, "column": 28 },
        "end": { "line": 21, "column": 2 }
      },
      "1": {
        "start": { "line": 23, "column": 26 },
        "end": { "line": 25, "column": 2 }
      },
      "2": {
        "start": { "line": 26, "column": 17 },
        "end": { "line": 53, "column": 1 }
      },
      "3": {
        "start": { "line": 33, "column": 23 },
        "end": { "line": 37, "column": 3 }
      },
      "4": {
        "start": { "line": 34, "column": 4 },
        "end": { "line": 36, "column": 5 }
      },
      "5": {
        "start": { "line": 35, "column": 6 },
        "end": { "line": 35, "column": 44 }
      },
      "6": {
        "start": { "line": 39, "column": 2 },
        "end": { "line": 52, "column": 4 }
      }
    },
    "fnMap": {
      "0": {
        "name": "(anonymous_0)",
        "decl": {
          "start": { "line": 26, "column": 17 },
          "end": { "line": 26, "column": 18 }
        },
        "loc": {
          "start": { "line": 32, "column": 21 },
          "end": { "line": 53, "column": 1 }
        },
        "line": 32
      },
      "1": {
        "name": "(anonymous_1)",
        "decl": {
          "start": { "line": 33, "column": 23 },
          "end": { "line": 33, "column": 24 }
        },
        "loc": {
          "start": { "line": 33, "column": 71 },
          "end": { "line": 37, "column": 3 }
        },
        "line": 33
      }
    },
    "branchMap": {
      "0": {
        "loc": {
          "start": { "line": 34, "column": 4 },
          "end": { "line": 36, "column": 5 }
        },
        "type": "if",
        "locations": [
          {
            "start": { "line": 34, "column": 4 },
            "end": { "line": 36, "column": 5 }
          },
          { "start": {}, "end": {} }
        ],
        "line": 34
      }
    },
    "s": { "0": 1, "1": 1, "2": 1, "3": 4, "4": 0, "5": 0, "6": 4 },
    "f": { "0": 4, "1": 0 },
    "b": { "0": [0, 0] },
    "_coverageSchema": "1a1c01bbd47fc00a2c39e90264f33305004495a9",
    "hash": "5ec4b8f881f4613661649423456d0d9cd45574b4"
  },
  "/home/asishk/Desktop/wabash/wabash-poc/frontend/src/components/atoms/Chip/index.tsx": {
    "path": "/home/asishk/Desktop/wabash/wabash-poc/frontend/src/components/atoms/Chip/index.tsx",
    "statementMap": {
      "0": {
        "start": { "line": 11, "column": 16 },
        "end": { "line": 19, "column": 2 }
      },
      "1": {
        "start": { "line": 21, "column": 40 },
        "end": { "line": 23, "column": 1 }
      },
      "2": {
        "start": { "line": 22, "column": 2 },
        "end": { "line": 22, "column": 51 }
      }
    },
    "fnMap": {
      "0": {
        "name": "(anonymous_0)",
        "decl": {
          "start": { "line": 21, "column": 40 },
          "end": { "line": 21, "column": 41 }
        },
        "loc": {
          "start": { "line": 21, "column": 62 },
          "end": { "line": 23, "column": 1 }
        },
        "line": 21
      }
    },
    "branchMap": {},
    "s": { "0": 0, "1": 0, "2": 0 },
    "f": { "0": 0 },
    "b": {}
  },
  "/home/asishk/Desktop/wabash/wabash-poc/frontend/src/components/atoms/CircularProgressBar/index.tsx": {
    "path": "/home/asishk/Desktop/wabash/wabash-poc/frontend/src/components/atoms/CircularProgressBar/index.tsx",
    "statementMap": {
      "0": {
        "start": { "line": 10, "column": 24 },
        "end": { "line": 17, "column": 1 }
      },
      "1": {
        "start": { "line": 19, "column": 31 },
        "end": { "line": 21, "column": 2 }
      },
      "2": {
        "start": { "line": 23, "column": 56 },
        "end": { "line": 46, "column": 1 }
      },
      "3": {
        "start": { "line": 27, "column": 2 },
        "end": { "line": 45, "column": 4 }
      }
    },
    "fnMap": {
      "0": {
        "name": "(anonymous_0)",
        "decl": {
          "start": { "line": 23, "column": 56 },
          "end": { "line": 23, "column": 57 }
        },
        "loc": {
          "start": { "line": 26, "column": 6 },
          "end": { "line": 46, "column": 1 }
        },
        "line": 26
      }
    },
    "branchMap": {
      "0": {
        "loc": {
          "start": { "line": 24, "column": 2 },
          "end": { "line": 24, "column": 11 }
        },
        "type": "default-arg",
        "locations": [
          {
            "start": { "line": 24, "column": 9 },
            "end": { "line": 24, "column": 11 }
          }
        ],
        "line": 24
      },
      "1": {
        "loc": {
          "start": { "line": 25, "column": 2 },
          "end": { "line": 25, "column": 15 }
        },
        "type": "default-arg",
        "locations": [
          {
            "start": { "line": 25, "column": 14 },
            "end": { "line": 25, "column": 15 }
          }
        ],
        "line": 25
      }
    },
    "s": { "0": 0, "1": 0, "2": 0, "3": 0 },
    "f": { "0": 0 },
    "b": { "0": [0], "1": [0] }
  },
  "/home/asishk/Desktop/wabash/wabash-poc/frontend/src/components/atoms/GlobalSection/index.tsx": {
    "path": "/home/asishk/Desktop/wabash/wabash-poc/frontend/src/components/atoms/GlobalSection/index.tsx",
    "statementMap": {
      "0": {
        "start": { "line": 24, "column": 16 },
        "end": { "line": 37, "column": 1 }
      },
      "1": {
        "start": { "line": 30, "column": 24 },
        "end": { "line": 36, "column": 3 }
      },
      "2": {
        "start": { "line": 39, "column": 18 },
        "end": { "line": 44, "column": 3 }
      },
      "3": {
        "start": { "line": 39, "column": 74 },
        "end": { "line": 44, "column": 1 }
      },
      "4": {
        "start": { "line": 46, "column": 52 },
        "end": { "line": 64, "column": 1 }
      },
      "5": {
        "start": { "line": 54, "column": 2 },
        "end": { "line": 63, "column": 4 }
      }
    },
    "fnMap": {
      "0": {
        "name": "(anonymous_0)",
        "decl": {
          "start": { "line": 25, "column": 2 },
          "end": { "line": 25, "column": 3 }
        },
        "loc": {
          "start": { "line": 30, "column": 24 },
          "end": { "line": 36, "column": 3 }
        },
        "line": 30
      },
      "1": {
        "name": "(anonymous_1)",
        "decl": {
          "start": { "line": 39, "column": 32 },
          "end": { "line": 39, "column": 33 }
        },
        "loc": {
          "start": { "line": 39, "column": 74 },
          "end": { "line": 44, "column": 1 }
        },
        "line": 39
      },
      "2": {
        "name": "(anonymous_2)",
        "decl": {
          "start": { "line": 46, "column": 52 },
          "end": { "line": 46, "column": 53 }
        },
        "loc": {
          "start": { "line": 53, "column": 6 },
          "end": { "line": 64, "column": 1 }
        },
        "line": 53
      }
    },
    "branchMap": {
      "0": {
        "loc": {
          "start": { "line": 47, "column": 2 },
          "end": { "line": 47, "column": 25 }
        },
        "type": "default-arg",
        "locations": [
          {
            "start": { "line": 47, "column": 19 },
            "end": { "line": 47, "column": 25 }
          }
        ],
        "line": 47
      },
      "1": {
        "loc": {
          "start": { "line": 48, "column": 2 },
          "end": { "line": 48, "column": 30 }
        },
        "type": "default-arg",
        "locations": [
          {
            "start": { "line": 48, "column": 24 },
            "end": { "line": 48, "column": 30 }
          }
        ],
        "line": 48
      },
      "2": {
        "loc": {
          "start": { "line": 49, "column": 2 },
          "end": { "line": 49, "column": 24 }
        },
        "type": "default-arg",
        "locations": [
          {
            "start": { "line": 49, "column": 19 },
            "end": { "line": 49, "column": 24 }
          }
        ],
        "line": 49
      },
      "3": {
        "loc": {
          "start": { "line": 50, "column": 2 },
          "end": { "line": 50, "column": 21 }
        },
        "type": "default-arg",
        "locations": [
          {
            "start": { "line": 50, "column": 19 },
            "end": { "line": 50, "column": 21 }
          }
        ],
        "line": 50
      },
      "4": {
        "loc": {
          "start": { "line": 52, "column": 2 },
          "end": { "line": 52, "column": 24 }
        },
        "type": "default-arg",
        "locations": [
          {
            "start": { "line": 52, "column": 18 },
            "end": { "line": 52, "column": 24 }
          }
        ],
        "line": 52
      }
    },
    "s": { "0": 0, "1": 0, "2": 0, "3": 0, "4": 0, "5": 0 },
    "f": { "0": 0, "1": 0, "2": 0 },
    "b": { "0": [0], "1": [0], "2": [0], "3": [0], "4": [0] }
  },
  "/home/asishk/Desktop/wabash/wabash-poc/frontend/src/components/atoms/Icon/index.tsx": {
    "path": "/home/asishk/Desktop/wabash/wabash-poc/frontend/src/components/atoms/Icon/index.tsx",
    "statementMap": {
      "0": {
        "start": { "line": 13, "column": 22 },
        "end": { "line": 30, "column": 1 }
      },
      "1": {
        "start": { "line": 20, "column": 2 },
        "end": { "line": 29, "column": 4 }
      }
    },
    "fnMap": {
      "0": {
        "name": "(anonymous_0)",
        "decl": {
          "start": { "line": 13, "column": 22 },
          "end": { "line": 13, "column": 23 }
        },
        "loc": {
          "start": { "line": 19, "column": 17 },
          "end": { "line": 30, "column": 1 }
        },
        "line": 19
      }
    },
    "branchMap": {},
    "s": { "0": 1, "1": 4 },
    "f": { "0": 4 },
    "b": {},
    "_coverageSchema": "1a1c01bbd47fc00a2c39e90264f33305004495a9",
    "hash": "400d0926cfc093094cae4c4f5b4dc8b01d37e74b"
  },
  "/home/asishk/Desktop/wabash/wabash-poc/frontend/src/components/atoms/IconButton/index.tsx": {
    "path": "/home/asishk/Desktop/wabash/wabash-poc/frontend/src/components/atoms/IconButton/index.tsx",
    "statementMap": {
      "0": {
        "start": { "line": 16, "column": 21 },
        "end": { "line": 24, "column": 2 }
      },
      "1": {
        "start": { "line": 25, "column": 19 },
        "end": { "line": 50, "column": 1 }
      },
      "2": {
        "start": { "line": 32, "column": 2 },
        "end": { "line": 49, "column": 4 }
      }
    },
    "fnMap": {
      "0": {
        "name": "(anonymous_0)",
        "decl": {
          "start": { "line": 25, "column": 19 },
          "end": { "line": 25, "column": 20 }
        },
        "loc": {
          "start": { "line": 31, "column": 19 },
          "end": { "line": 50, "column": 1 }
        },
        "line": 31
      }
    },
    "branchMap": {
      "0": {
        "loc": {
          "start": { "line": 29, "column": 2 },
          "end": { "line": 29, "column": 18 }
        },
        "type": "default-arg",
        "locations": [
          {
            "start": { "line": 29, "column": 13 },
            "end": { "line": 29, "column": 18 }
          }
        ],
        "line": 29
      },
      "1": {
        "loc": {
          "start": { "line": 41, "column": 15 },
          "end": { "line": 43, "column": 37 }
        },
        "type": "cond-expr",
        "locations": [
          {
            "start": { "line": 42, "column": 12 },
            "end": { "line": 42, "column": 38 }
          },
          {
            "start": { "line": 43, "column": 12 },
            "end": { "line": 43, "column": 37 }
          }
        ],
        "line": 41
      }
    },
    "s": { "0": 0, "1": 0, "2": 0 },
    "f": { "0": 0 },
    "b": { "0": [0], "1": [0, 0] }
  },
  "/home/asishk/Desktop/wabash/wabash-poc/frontend/src/components/atoms/Image/index.tsx": {
    "path": "/home/asishk/Desktop/wabash/wabash-poc/frontend/src/components/atoms/Image/index.tsx",
    "statementMap": {
      "0": {
        "start": { "line": 9, "column": 36 },
        "end": { "line": 19, "column": 1 }
      },
      "1": {
        "start": { "line": 16, "column": 2 },
        "end": { "line": 18, "column": 4 }
      }
    },
    "fnMap": {
      "0": {
        "name": "(anonymous_0)",
        "decl": {
          "start": { "line": 9, "column": 36 },
          "end": { "line": 9, "column": 37 }
        },
        "loc": {
          "start": { "line": 15, "column": 18 },
          "end": { "line": 19, "column": 1 }
        },
        "line": 15
      }
    },
    "branchMap": {},
    "s": { "0": 0, "1": 0 },
    "f": { "0": 0 },
    "b": {}
  },
  "/home/asishk/Desktop/wabash/wabash-poc/frontend/src/components/atoms/InputField/index.tsx": {
    "path": "/home/asishk/Desktop/wabash/wabash-poc/frontend/src/components/atoms/InputField/index.tsx",
    "statementMap": {
      "0": {
        "start": { "line": 18, "column": 18 },
        "end": { "line": 23, "column": 2 }
      },
      "1": {
        "start": { "line": 24, "column": 24 },
        "end": { "line": 66, "column": 3 }
      },
      "2": {
        "start": { "line": 24, "column": 79 },
        "end": { "line": 66, "column": 1 }
      },
      "3": {
        "start": { "line": 67, "column": 19 },
        "end": { "line": 90, "column": 1 }
      },
      "4": {
        "start": { "line": 68, "column": 2 },
        "end": { "line": 89, "column": 4 }
      }
    },
    "fnMap": {
      "0": {
        "name": "(anonymous_0)",
        "decl": {
          "start": { "line": 24, "column": 45 },
          "end": { "line": 24, "column": 46 }
        },
        "loc": {
          "start": { "line": 24, "column": 79 },
          "end": { "line": 66, "column": 1 }
        },
        "line": 24
      },
      "1": {
        "name": "(anonymous_1)",
        "decl": {
          "start": { "line": 67, "column": 19 },
          "end": { "line": 67, "column": 20 }
        },
        "loc": {
          "start": { "line": 67, "column": 53 },
          "end": { "line": 90, "column": 1 }
        },
        "line": 67
      }
    },
    "branchMap": {
      "0": {
        "loc": {
          "start": { "line": 50, "column": 16 },
          "end": { "line": 52, "column": 31 }
        },
        "type": "cond-expr",
        "locations": [
          {
            "start": { "line": 51, "column": 12 },
            "end": { "line": 51, "column": 53 }
          },
          {
            "start": { "line": 52, "column": 12 },
            "end": { "line": 52, "column": 31 }
          }
        ],
        "line": 50
      },
      "1": {
        "loc": {
          "start": { "line": 73, "column": 22 },
          "end": { "line": 86, "column": 9 }
        },
        "type": "binary-expr",
        "locations": [
          {
            "start": { "line": 73, "column": 22 },
            "end": { "line": 73, "column": 35 }
          },
          {
            "start": { "line": 74, "column": 10 },
            "end": { "line": 85, "column": 22 }
          }
        ],
        "line": 73
      },
      "2": {
        "loc": {
          "start": { "line": 75, "column": 13 },
          "end": { "line": 77, "column": 13 }
        },
        "type": "binary-expr",
        "locations": [
          {
            "start": { "line": 75, "column": 13 },
            "end": { "line": 75, "column": 29 }
          },
          {
            "start": { "line": 76, "column": 14 },
            "end": { "line": 76, "column": 67 }
          }
        ],
        "line": 75
      }
    },
    "s": { "0": 1, "1": 1, "2": 4, "3": 1, "4": 4 },
    "f": { "0": 4, "1": 4 },
    "b": { "0": [4, 0], "1": [4, 4], "2": [4, 0] },
    "_coverageSchema": "1a1c01bbd47fc00a2c39e90264f33305004495a9",
    "hash": "cc2b2783721897fbff83408c6638b5870040b2f7"
  },
  "/home/asishk/Desktop/wabash/wabash-poc/frontend/src/components/atoms/Switch/index.tsx": {
    "path": "/home/asishk/Desktop/wabash/wabash-poc/frontend/src/components/atoms/Switch/index.tsx",
    "statementMap": {
      "0": {
        "start": { "line": 6, "column": 21 },
        "end": { "line": 40, "column": 2 }
      },
      "1": {
        "start": { "line": 42, "column": 15 },
        "end": { "line": 44, "column": 1 }
      },
      "2": {
        "start": { "line": 43, "column": 2 },
        "end": { "line": 43, "column": 58 }
      }
    },
    "fnMap": {
      "0": {
        "name": "(anonymous_0)",
        "decl": {
          "start": { "line": 42, "column": 15 },
          "end": { "line": 42, "column": 16 }
        },
        "loc": {
          "start": { "line": 42, "column": 46 },
          "end": { "line": 44, "column": 1 }
        },
        "line": 42
      }
    },
    "branchMap": {},
    "s": { "0": 0, "1": 0, "2": 0 },
    "f": { "0": 0 },
    "b": {}
  },
  "/home/asishk/Desktop/wabash/wabash-poc/frontend/src/components/atoms/Typography/index.tsx": {
    "path": "/home/asishk/Desktop/wabash/wabash-poc/frontend/src/components/atoms/Typography/index.tsx",
    "statementMap": {
      "0": {
        "start": { "line": 15, "column": 19 },
        "end": { "line": 32, "column": 1 }
      },
      "1": {
        "start": { "line": 22, "column": 2 },
        "end": { "line": 31, "column": 4 }
      }
    },
    "fnMap": {
      "0": {
        "name": "(anonymous_0)",
        "decl": {
          "start": { "line": 15, "column": 19 },
          "end": { "line": 15, "column": 20 }
        },
        "loc": {
          "start": { "line": 21, "column": 23 },
          "end": { "line": 32, "column": 1 }
        },
        "line": 21
      }
    },
    "branchMap": {},
    "s": { "0": 1, "1": 32 },
    "f": { "0": 32 },
    "b": {},
    "_coverageSchema": "1a1c01bbd47fc00a2c39e90264f33305004495a9",
    "hash": "70652b12c7ec9930e4ddbdd63d4c623d82689bf1"
  },
  "/home/asishk/Desktop/wabash/wabash-poc/frontend/src/components/molecules/AccentIconWrapper/index.tsx": {
    "path": "/home/asishk/Desktop/wabash/wabash-poc/frontend/src/components/molecules/AccentIconWrapper/index.tsx",
    "statementMap": {
      "0": {
        "start": { "line": 11, "column": 22 },
        "end": { "line": 21, "column": 2 }
      },
      "1": {
        "start": { "line": 23, "column": 56 },
        "end": { "line": 37, "column": 1 }
      },
      "2": {
        "start": { "line": 27, "column": 2 },
        "end": { "line": 36, "column": 4 }
      }
    },
    "fnMap": {
      "0": {
        "name": "(anonymous_0)",
        "decl": {
          "start": { "line": 23, "column": 56 },
          "end": { "line": 23, "column": 57 }
        },
        "loc": {
          "start": { "line": 26, "column": 6 },
          "end": { "line": 37, "column": 1 }
        },
        "line": 26
      }
    },
    "branchMap": {},
    "s": { "0": 0, "1": 0, "2": 0 },
    "f": { "0": 0 },
    "b": {}
  },
  "/home/asishk/Desktop/wabash/wabash-poc/frontend/src/components/molecules/CategoryCard/index.tsx": {
    "path": "/home/asishk/Desktop/wabash/wabash-poc/frontend/src/components/molecules/CategoryCard/index.tsx",
    "statementMap": {
      "0": {
        "start": { "line": 10, "column": 24 },
        "end": { "line": 17, "column": 2 }
      },
      "1": {
        "start": { "line": 19, "column": 22 },
        "end": { "line": 24, "column": 2 }
      },
      "2": {
        "start": { "line": 25, "column": 21 },
        "end": { "line": 38, "column": 1 }
      },
      "3": {
        "start": { "line": 26, "column": 2 },
        "end": { "line": 37, "column": 4 }
      },
      "4": {
        "start": { "line": 28, "column": 21 },
        "end": { "line": 28, "column": 41 }
      }
    },
    "fnMap": {
      "0": {
        "name": "(anonymous_0)",
        "decl": {
          "start": { "line": 25, "column": 21 },
          "end": { "line": 25, "column": 22 }
        },
        "loc": {
          "start": { "line": 25, "column": 70 },
          "end": { "line": 38, "column": 1 }
        },
        "line": 25
      },
      "1": {
        "name": "(anonymous_1)",
        "decl": {
          "start": { "line": 28, "column": 15 },
          "end": { "line": 28, "column": 16 }
        },
        "loc": {
          "start": { "line": 28, "column": 21 },
          "end": { "line": 28, "column": 41 }
        },
        "line": 28
      }
    },
    "branchMap": {},
    "s": { "0": 0, "1": 0, "2": 0, "3": 0, "4": 0 },
    "f": { "0": 0, "1": 0 },
    "b": {}
  },
  "/home/asishk/Desktop/wabash/wabash-poc/frontend/src/components/molecules/CheckboxWIthLabel/index.tsx": {
    "path": "/home/asishk/Desktop/wabash/wabash-poc/frontend/src/components/molecules/CheckboxWIthLabel/index.tsx",
    "statementMap": {
      "0": {
        "start": { "line": 16, "column": 22 },
        "end": { "line": 21, "column": 2 }
      },
      "1": {
        "start": { "line": 23, "column": 48 },
        "end": { "line": 55, "column": 1 }
      },
      "2": {
        "start": { "line": 30, "column": 36 },
        "end": { "line": 30, "column": 59 }
      },
      "3": {
        "start": { "line": 32, "column": 2 },
        "end": { "line": 34, "column": 16 }
      },
      "4": {
        "start": { "line": 33, "column": 4 },
        "end": { "line": 33, "column": 26 }
      },
      "5": {
        "start": { "line": 36, "column": 31 },
        "end": { "line": 39, "column": 3 }
      },
      "6": {
        "start": { "line": 37, "column": 4 },
        "end": { "line": 37, "column": 29 }
      },
      "7": {
        "start": { "line": 38, "column": 4 },
        "end": { "line": 38, "column": 14 }
      },
      "8": {
        "start": { "line": 40, "column": 2 },
        "end": { "line": 54, "column": 4 }
      }
    },
    "fnMap": {
      "0": {
        "name": "(anonymous_0)",
        "decl": {
          "start": { "line": 23, "column": 48 },
          "end": { "line": 23, "column": 49 }
        },
        "loc": {
          "start": { "line": 29, "column": 6 },
          "end": { "line": 55, "column": 1 }
        },
        "line": 29
      },
      "1": {
        "name": "(anonymous_1)",
        "decl": {
          "start": { "line": 32, "column": 18 },
          "end": { "line": 32, "column": 19 }
        },
        "loc": {
          "start": { "line": 32, "column": 24 },
          "end": { "line": 34, "column": 3 }
        },
        "line": 32
      },
      "2": {
        "name": "(anonymous_2)",
        "decl": {
          "start": { "line": 36, "column": 31 },
          "end": { "line": 36, "column": 32 }
        },
        "loc": {
          "start": { "line": 36, "column": 37 },
          "end": { "line": 39, "column": 3 }
        },
        "line": 36
      }
    },
    "branchMap": {
      "0": {
        "loc": {
          "start": { "line": 26, "column": 2 },
          "end": { "line": 26, "column": 17 }
        },
        "type": "default-arg",
        "locations": [
          {
            "start": { "line": 26, "column": 12 },
            "end": { "line": 26, "column": 17 }
          }
        ],
        "line": 26
      },
      "1": {
        "loc": {
          "start": { "line": 27, "column": 2 },
          "end": { "line": 27, "column": 24 }
        },
        "type": "default-arg",
        "locations": [
          {
            "start": { "line": 27, "column": 17 },
            "end": { "line": 27, "column": 24 }
          }
        ],
        "line": 27
      },
      "2": {
        "loc": {
          "start": { "line": 28, "column": 2 },
          "end": { "line": 28, "column": 23 }
        },
        "type": "default-arg",
        "locations": [
          {
            "start": { "line": 28, "column": 18 },
            "end": { "line": 28, "column": 23 }
          }
        ],
        "line": 28
      }
    },
    "s": {
      "0": 0,
      "1": 0,
      "2": 0,
      "3": 0,
      "4": 0,
      "5": 0,
      "6": 0,
      "7": 0,
      "8": 0
    },
    "f": { "0": 0, "1": 0, "2": 0 },
    "b": { "0": [0], "1": [0], "2": [0] }
  },
  "/home/asishk/Desktop/wabash/wabash-poc/frontend/src/components/molecules/CheckboxWIthLabelIcon/index.tsx": {
    "path": "/home/asishk/Desktop/wabash/wabash-poc/frontend/src/components/molecules/CheckboxWIthLabelIcon/index.tsx",
    "statementMap": {
      "0": {
        "start": { "line": 15, "column": 25 },
        "end": { "line": 22, "column": 2 }
      },
      "1": {
        "start": { "line": 23, "column": 22 },
        "end": { "line": 29, "column": 2 }
      },
      "2": {
        "start": { "line": 31, "column": 52 },
        "end": { "line": 60, "column": 1 }
      },
      "3": {
        "start": { "line": 36, "column": 38 },
        "end": { "line": 36, "column": 62 }
      },
      "4": {
        "start": { "line": 38, "column": 23 },
        "end": { "line": 41, "column": 3 }
      },
      "5": {
        "start": { "line": 39, "column": 4 },
        "end": { "line": 39, "column": 31 }
      },
      "6": {
        "start": { "line": 40, "column": 4 },
        "end": { "line": 40, "column": 14 }
      },
      "7": {
        "start": { "line": 42, "column": 2 },
        "end": { "line": 59, "column": 4 }
      }
    },
    "fnMap": {
      "0": {
        "name": "(anonymous_0)",
        "decl": {
          "start": { "line": 31, "column": 52 },
          "end": { "line": 31, "column": 53 }
        },
        "loc": {
          "start": { "line": 35, "column": 6 },
          "end": { "line": 60, "column": 1 }
        },
        "line": 35
      },
      "1": {
        "name": "(anonymous_1)",
        "decl": {
          "start": { "line": 38, "column": 23 },
          "end": { "line": 38, "column": 24 }
        },
        "loc": {
          "start": { "line": 38, "column": 29 },
          "end": { "line": 41, "column": 3 }
        },
        "line": 38
      }
    },
    "branchMap": {
      "0": {
        "loc": {
          "start": { "line": 34, "column": 2 },
          "end": { "line": 34, "column": 17 }
        },
        "type": "default-arg",
        "locations": [
          {
            "start": { "line": 34, "column": 12 },
            "end": { "line": 34, "column": 17 }
          }
        ],
        "line": 34
      },
      "1": {
        "loc": {
          "start": { "line": 52, "column": 9 },
          "end": { "line": 56, "column": 9 }
        },
        "type": "cond-expr",
        "locations": [
          {
            "start": { "line": 53, "column": 10 },
            "end": { "line": 53, "column": 74 }
          },
          {
            "start": { "line": 55, "column": 10 },
            "end": { "line": 55, "column": 78 }
          }
        ],
        "line": 52
      }
    },
    "s": { "0": 0, "1": 0, "2": 0, "3": 0, "4": 0, "5": 0, "6": 0, "7": 0 },
    "f": { "0": 0, "1": 0 },
    "b": { "0": [0], "1": [0, 0] }
  },
  "/home/asishk/Desktop/wabash/wabash-poc/frontend/src/components/molecules/CoreValueCard/index.tsx": {
    "path": "/home/asishk/Desktop/wabash/wabash-poc/frontend/src/components/molecules/CoreValueCard/index.tsx",
    "statementMap": {
      "0": {
        "start": { "line": 14, "column": 20 },
        "end": { "line": 22, "column": 2 }
      },
      "1": {
        "start": { "line": 23, "column": 21 },
        "end": { "line": 37, "column": 1 }
      },
      "2": {
        "start": { "line": 24, "column": 2 },
        "end": { "line": 36, "column": 4 }
      }
    },
    "fnMap": {
      "0": {
        "name": "(anonymous_0)",
        "decl": {
          "start": { "line": 23, "column": 21 },
          "end": { "line": 23, "column": 22 }
        },
        "loc": {
          "start": { "line": 23, "column": 62 },
          "end": { "line": 37, "column": 1 }
        },
        "line": 23
      }
    },
    "branchMap": {},
    "s": { "0": 0, "1": 0, "2": 0 },
    "f": { "0": 0 },
    "b": {}
  },
  "/home/asishk/Desktop/wabash/wabash-poc/frontend/src/components/molecules/HeaderContactSection/index.tsx": {
    "path": "/home/asishk/Desktop/wabash/wabash-poc/frontend/src/components/molecules/HeaderContactSection/index.tsx",
    "statementMap": {
      "0": {
        "start": { "line": 8, "column": 22 },
        "end": { "line": 13, "column": 2 }
      },
      "1": {
        "start": { "line": 15, "column": 29 },
        "end": { "line": 30, "column": 1 }
      },
      "2": {
        "start": { "line": 16, "column": 2 },
        "end": { "line": 29, "column": 4 }
      }
    },
    "fnMap": {
      "0": {
        "name": "(anonymous_0)",
        "decl": {
          "start": { "line": 15, "column": 29 },
          "end": { "line": 15, "column": 30 }
        },
        "loc": {
          "start": { "line": 15, "column": 35 },
          "end": { "line": 30, "column": 1 }
        },
        "line": 15
      }
    },
    "branchMap": {},
    "s": { "0": 0, "1": 0, "2": 0 },
    "f": { "0": 0 },
    "b": {}
  },
  "/home/asishk/Desktop/wabash/wabash-poc/frontend/src/components/molecules/ListItemButton/index.tsx": {
    "path": "/home/asishk/Desktop/wabash/wabash-poc/frontend/src/components/molecules/ListItemButton/index.tsx",
    "statementMap": {
      "0": {
        "start": { "line": 13, "column": 25 },
        "end": { "line": 19, "column": 2 }
      },
      "1": {
        "start": { "line": 21, "column": 58 },
        "end": { "line": 43, "column": 1 }
      },
      "2": {
        "start": { "line": 25, "column": 38 },
        "end": { "line": 25, "column": 62 }
      },
      "3": {
        "start": { "line": 27, "column": 23 },
        "end": { "line": 30, "column": 3 }
      },
      "4": {
        "start": { "line": 28, "column": 4 },
        "end": { "line": 28, "column": 31 }
      },
      "5": {
        "start": { "line": 29, "column": 4 },
        "end": { "line": 29, "column": 14 }
      },
      "6": {
        "start": { "line": 31, "column": 2 },
        "end": { "line": 42, "column": 4 }
      }
    },
    "fnMap": {
      "0": {
        "name": "(anonymous_0)",
        "decl": {
          "start": { "line": 21, "column": 58 },
          "end": { "line": 21, "column": 59 }
        },
        "loc": {
          "start": { "line": 24, "column": 6 },
          "end": { "line": 43, "column": 1 }
        },
        "line": 24
      },
      "1": {
        "name": "(anonymous_1)",
        "decl": {
          "start": { "line": 27, "column": 23 },
          "end": { "line": 27, "column": 24 }
        },
        "loc": {
          "start": { "line": 27, "column": 29 },
          "end": { "line": 30, "column": 3 }
        },
        "line": 27
      }
    },
    "branchMap": {
      "0": {
        "loc": {
          "start": { "line": 36, "column": 7 },
          "end": { "line": 40, "column": 7 }
        },
        "type": "cond-expr",
        "locations": [
          {
            "start": { "line": 37, "column": 8 },
            "end": { "line": 37, "column": 72 }
          },
          {
            "start": { "line": 39, "column": 8 },
            "end": { "line": 39, "column": 76 }
          }
        ],
        "line": 36
      }
    },
    "s": { "0": 0, "1": 0, "2": 0, "3": 0, "4": 0, "5": 0, "6": 0 },
    "f": { "0": 0, "1": 0 },
    "b": { "0": [0, 0] }
  },
  "/home/asishk/Desktop/wabash/wabash-poc/frontend/src/components/molecules/OrderHeaderSection/index.tsx": {
    "path": "/home/asishk/Desktop/wabash/wabash-poc/frontend/src/components/molecules/OrderHeaderSection/index.tsx",
    "statementMap": {
      "0": {
        "start": { "line": 17, "column": 21 },
        "end": { "line": 21, "column": 2 }
      },
      "1": {
        "start": { "line": 23, "column": 21 },
        "end": { "line": 28, "column": 2 }
      },
      "2": {
        "start": { "line": 30, "column": 17 },
        "end": { "line": 36, "column": 2 }
      },
      "3": {
        "start": { "line": 38, "column": 56 },
        "end": { "line": 125, "column": 1 }
      },
      "4": {
        "start": { "line": 45, "column": 2 },
        "end": { "line": 124, "column": 4 }
      }
    },
    "fnMap": {
      "0": {
        "name": "(anonymous_0)",
        "decl": {
          "start": { "line": 38, "column": 56 },
          "end": { "line": 38, "column": 57 }
        },
        "loc": {
          "start": { "line": 44, "column": 6 },
          "end": { "line": 125, "column": 1 }
        },
        "line": 44
      }
    },
    "branchMap": {
      "0": {
        "loc": {
          "start": { "line": 101, "column": 15 },
          "end": { "line": 112, "column": 15 }
        },
        "type": "cond-expr",
        "locations": [
          {
            "start": { "line": 102, "column": 16 },
            "end": { "line": 105, "column": 18 }
          },
          {
            "start": { "line": 107, "column": 16 },
            "end": { "line": 111, "column": 18 }
          }
        ],
        "line": 101
      }
    },
    "s": { "0": 0, "1": 0, "2": 0, "3": 0, "4": 0 },
    "f": { "0": 0 },
    "b": { "0": [0, 0] }
  },
  "/home/asishk/Desktop/wabash/wabash-poc/frontend/src/components/molecules/OrderedByCard/index.tsx": {
    "path": "/home/asishk/Desktop/wabash/wabash-poc/frontend/src/components/molecules/OrderedByCard/index.tsx",
    "statementMap": {
      "0": {
        "start": { "line": 14, "column": 20 },
        "end": { "line": 19, "column": 2 }
      },
      "1": {
        "start": { "line": 20, "column": 21 },
        "end": { "line": 27, "column": 2 }
      },
      "2": {
        "start": { "line": 28, "column": 21 },
        "end": { "line": 32, "column": 2 }
      },
      "3": {
        "start": { "line": 33, "column": 22 },
        "end": { "line": 105, "column": 1 }
      },
      "4": {
        "start": { "line": 41, "column": 2 },
        "end": { "line": 104, "column": 4 }
      }
    },
    "fnMap": {
      "0": {
        "name": "(anonymous_0)",
        "decl": {
          "start": { "line": 33, "column": 22 },
          "end": { "line": 33, "column": 23 }
        },
        "loc": {
          "start": { "line": 40, "column": 21 },
          "end": { "line": 105, "column": 1 }
        },
        "line": 40
      }
    },
    "branchMap": {
      "0": {
        "loc": {
          "start": { "line": 76, "column": 9 },
          "end": { "line": 101, "column": 9 }
        },
        "type": "binary-expr",
        "locations": [
          {
            "start": { "line": 76, "column": 9 },
            "end": { "line": 76, "column": 16 }
          },
          {
            "start": { "line": 77, "column": 10 },
            "end": { "line": 100, "column": 16 }
          }
        ],
        "line": 76
      }
    },
    "s": { "0": 0, "1": 0, "2": 0, "3": 0, "4": 0 },
    "f": { "0": 0 },
    "b": { "0": [0, 0] }
  },
  "/home/asishk/Desktop/wabash/wabash-poc/frontend/src/components/molecules/OrderedDetailCard/index.tsx": {
    "path": "/home/asishk/Desktop/wabash/wabash-poc/frontend/src/components/molecules/OrderedDetailCard/index.tsx",
    "statementMap": {
      "0": {
        "start": { "line": 23, "column": 18 },
        "end": { "line": 27, "column": 2 }
      },
      "1": {
        "start": { "line": 29, "column": 20 },
        "end": { "line": 33, "column": 2 }
      },
      "2": {
        "start": { "line": 35, "column": 21 },
        "end": { "line": 39, "column": 2 }
      },
      "3": {
        "start": { "line": 41, "column": 23 },
        "end": { "line": 45, "column": 2 }
      },
      "4": {
        "start": { "line": 47, "column": 21 },
        "end": { "line": 52, "column": 2 }
      },
      "5": {
        "start": { "line": 53, "column": 24 },
        "end": { "line": 133, "column": 1 }
      },
      "6": {
        "start": { "line": 63, "column": 2 },
        "end": { "line": 132, "column": 4 }
      },
      "7": {
        "start": { "line": 83, "column": 12 },
        "end": { "line": 89, "column": 25 }
      }
    },
    "fnMap": {
      "0": {
        "name": "(anonymous_0)",
        "decl": {
          "start": { "line": 53, "column": 24 },
          "end": { "line": 53, "column": 25 }
        },
        "loc": {
          "start": { "line": 62, "column": 24 },
          "end": { "line": 133, "column": 1 }
        },
        "line": 62
      },
      "1": {
        "name": "(anonymous_1)",
        "decl": {
          "start": { "line": 82, "column": 32 },
          "end": { "line": 82, "column": 33 }
        },
        "loc": {
          "start": { "line": 83, "column": 12 },
          "end": { "line": 89, "column": 25 }
        },
        "line": 83
      }
    },
    "branchMap": {
      "0": {
        "loc": {
          "start": { "line": 77, "column": 18 },
          "end": { "line": 77, "column": 40 }
        },
        "type": "cond-expr",
        "locations": [
          {
            "start": { "line": 77, "column": 29 },
            "end": { "line": 77, "column": 33 }
          },
          {
            "start": { "line": 77, "column": 36 },
            "end": { "line": 77, "column": 40 }
          }
        ],
        "line": 77
      },
      "1": {
        "loc": {
          "start": { "line": 97, "column": 11 },
          "end": { "line": 106, "column": 11 }
        },
        "type": "cond-expr",
        "locations": [
          {
            "start": { "line": 98, "column": 12 },
            "end": { "line": 103, "column": 14 }
          },
          {
            "start": { "line": 105, "column": 12 },
            "end": { "line": 105, "column": 74 }
          }
        ],
        "line": 97
      },
      "2": {
        "loc": {
          "start": { "line": 116, "column": 13 },
          "end": { "line": 116, "column": 54 }
        },
        "type": "binary-expr",
        "locations": [
          {
            "start": { "line": 116, "column": 13 },
            "end": { "line": 116, "column": 21 }
          },
          {
            "start": { "line": 116, "column": 25 },
            "end": { "line": 116, "column": 54 }
          }
        ],
        "line": 116
      }
    },
    "s": { "0": 0, "1": 0, "2": 0, "3": 0, "4": 0, "5": 0, "6": 0, "7": 0 },
    "f": { "0": 0, "1": 0 },
    "b": { "0": [0, 0], "1": [0, 0], "2": [0, 0] }
  },
  "/home/asishk/Desktop/wabash/wabash-poc/frontend/src/components/molecules/PaymentCard/index.tsx": {
    "path": "/home/asishk/Desktop/wabash/wabash-poc/frontend/src/components/molecules/PaymentCard/index.tsx",
    "statementMap": {
      "0": {
        "start": { "line": 12, "column": 17 },
        "end": { "line": 15, "column": 2 }
      },
      "1": {
        "start": { "line": 17, "column": 24 },
        "end": { "line": 19, "column": 2 }
      },
      "2": {
        "start": { "line": 21, "column": 17 },
        "end": { "line": 24, "column": 2 }
      },
      "3": {
        "start": { "line": 26, "column": 18 },
        "end": { "line": 30, "column": 2 }
      },
      "4": {
        "start": { "line": 32, "column": 17 },
        "end": { "line": 36, "column": 2 }
      },
      "5": {
        "start": { "line": 37, "column": 20 },
        "end": { "line": 127, "column": 1 }
      },
      "6": {
        "start": { "line": 38, "column": 22 },
        "end": { "line": 38, "column": 75 }
      },
      "7": {
        "start": { "line": 38, "column": 55 },
        "end": { "line": 38, "column": 71 }
      },
      "8": {
        "start": { "line": 39, "column": 2 },
        "end": { "line": 126, "column": 4 }
      },
      "9": {
        "start": { "line": 43, "column": 33 },
        "end": { "line": 46, "column": 22 }
      },
      "10": {
        "start": { "line": 45, "column": 27 },
        "end": { "line": 45, "column": 71 }
      },
      "11": {
        "start": { "line": 48, "column": 10 },
        "end": { "line": 63, "column": 12 }
      },
      "12": {
        "start": { "line": 94, "column": 33 },
        "end": { "line": 97, "column": 22 }
      },
      "13": {
        "start": { "line": 96, "column": 27 },
        "end": { "line": 96, "column": 71 }
      },
      "14": {
        "start": { "line": 99, "column": 10 },
        "end": { "line": 114, "column": 12 }
      }
    },
    "fnMap": {
      "0": {
        "name": "(anonymous_0)",
        "decl": {
          "start": { "line": 37, "column": 20 },
          "end": { "line": 37, "column": 21 }
        },
        "loc": {
          "start": { "line": 37, "column": 79 },
          "end": { "line": 127, "column": 1 }
        },
        "line": 37
      },
      "1": {
        "name": "(anonymous_1)",
        "decl": {
          "start": { "line": 38, "column": 40 },
          "end": { "line": 38, "column": 41 }
        },
        "loc": {
          "start": { "line": 38, "column": 55 },
          "end": { "line": 38, "column": 71 }
        },
        "line": 38
      },
      "2": {
        "name": "(anonymous_2)",
        "decl": {
          "start": { "line": 42, "column": 24 },
          "end": { "line": 42, "column": 25 }
        },
        "loc": {
          "start": { "line": 42, "column": 34 },
          "end": { "line": 64, "column": 9 }
        },
        "line": 42
      },
      "3": {
        "name": "(anonymous_3)",
        "decl": {
          "start": { "line": 45, "column": 17 },
          "end": { "line": 45, "column": 18 }
        },
        "loc": {
          "start": { "line": 45, "column": 27 },
          "end": { "line": 45, "column": 71 }
        },
        "line": 45
      },
      "4": {
        "name": "(anonymous_4)",
        "decl": {
          "start": { "line": 93, "column": 24 },
          "end": { "line": 93, "column": 25 }
        },
        "loc": {
          "start": { "line": 93, "column": 34 },
          "end": { "line": 115, "column": 9 }
        },
        "line": 93
      },
      "5": {
        "name": "(anonymous_5)",
        "decl": {
          "start": { "line": 96, "column": 17 },
          "end": { "line": 96, "column": 18 }
        },
        "loc": {
          "start": { "line": 96, "column": 27 },
          "end": { "line": 96, "column": 71 }
        },
        "line": 96
      }
    },
    "branchMap": {
      "0": {
        "loc": {
          "start": { "line": 39, "column": 9 },
          "end": { "line": 126, "column": 3 }
        },
        "type": "cond-expr",
        "locations": [
          {
            "start": { "line": 40, "column": 4 },
            "end": { "line": 74, "column": 22 }
          },
          {
            "start": { "line": 76, "column": 4 },
            "end": { "line": 125, "column": 15 }
          }
        ],
        "line": 39
      }
    },
    "s": {
      "0": 0,
      "1": 0,
      "2": 0,
      "3": 0,
      "4": 0,
      "5": 0,
      "6": 0,
      "7": 0,
      "8": 0,
      "9": 0,
      "10": 0,
      "11": 0,
      "12": 0,
      "13": 0,
      "14": 0
    },
    "f": { "0": 0, "1": 0, "2": 0, "3": 0, "4": 0, "5": 0 },
    "b": { "0": [0, 0] }
  },
  "/home/asishk/Desktop/wabash/wabash-poc/frontend/src/components/molecules/ProductCard/index.tsx": {
    "path": "/home/asishk/Desktop/wabash/wabash-poc/frontend/src/components/molecules/ProductCard/index.tsx",
    "statementMap": {
      "0": {
        "start": { "line": 17, "column": 17 },
        "end": { "line": 24, "column": 2 }
      },
      "1": {
        "start": { "line": 26, "column": 17 },
        "end": { "line": 31, "column": 2 }
      },
      "2": {
        "start": { "line": 33, "column": 19 },
        "end": { "line": 36, "column": 2 }
      },
      "3": {
        "start": { "line": 38, "column": 21 },
        "end": { "line": 43, "column": 2 }
      },
      "4": {
        "start": { "line": 45, "column": 49 },
        "end": { "line": 92, "column": 1 }
      },
      "5": {
        "start": { "line": 52, "column": 2 },
        "end": { "line": 91, "column": 4 }
      }
    },
    "fnMap": {
      "0": {
        "name": "(anonymous_0)",
        "decl": {
          "start": { "line": 45, "column": 49 },
          "end": { "line": 45, "column": 50 }
        },
        "loc": {
          "start": { "line": 51, "column": 6 },
          "end": { "line": 92, "column": 1 }
        },
        "line": 51
      }
    },
    "branchMap": {
      "0": {
        "loc": {
          "start": { "line": 54, "column": 7 },
          "end": { "line": 60, "column": 7 }
        },
        "type": "cond-expr",
        "locations": [
          {
            "start": { "line": 55, "column": 8 },
            "end": { "line": 55, "column": 73 }
          },
          {
            "start": { "line": 57, "column": 8 },
            "end": { "line": 59, "column": 23 }
          }
        ],
        "line": 54
      }
    },
    "s": { "0": 0, "1": 0, "2": 0, "3": 0, "4": 0, "5": 0 },
    "f": { "0": 0 },
    "b": { "0": [0, 0] }
  },
  "/home/asishk/Desktop/wabash/wabash-poc/frontend/src/components/molecules/ProductListCard/index.tsx": {
    "path": "/home/asishk/Desktop/wabash/wabash-poc/frontend/src/components/molecules/ProductListCard/index.tsx",
    "statementMap": {
      "0": {
        "start": { "line": 18, "column": 17 },
        "end": { "line": 25, "column": 2 }
      },
      "1": {
        "start": { "line": 27, "column": 17 },
        "end": { "line": 32, "column": 2 }
      },
      "2": {
        "start": { "line": 34, "column": 17 },
        "end": { "line": 37, "column": 2 }
      },
      "3": {
        "start": { "line": 39, "column": 24 },
        "end": { "line": 89, "column": 1 }
      },
      "4": {
        "start": { "line": 47, "column": 19 },
        "end": { "line": 50, "column": 3 }
      },
      "5": {
        "start": { "line": 48, "column": 21 },
        "end": { "line": 48, "column": 45 }
      },
      "6": {
        "start": { "line": 49, "column": 4 },
        "end": { "line": 49, "column": 78 }
      },
      "7": {
        "start": { "line": 51, "column": 2 },
        "end": { "line": 88, "column": 4 }
      }
    },
    "fnMap": {
      "0": {
        "name": "(anonymous_0)",
        "decl": {
          "start": { "line": 39, "column": 24 },
          "end": { "line": 39, "column": 25 }
        },
        "loc": {
          "start": { "line": 46, "column": 24 },
          "end": { "line": 89, "column": 1 }
        },
        "line": 46
      },
      "1": {
        "name": "(anonymous_1)",
        "decl": {
          "start": { "line": 47, "column": 19 },
          "end": { "line": 47, "column": 20 }
        },
        "loc": {
          "start": { "line": 47, "column": 50 },
          "end": { "line": 50, "column": 3 }
        },
        "line": 47
      }
    },
    "branchMap": {
      "0": {
        "loc": {
          "start": { "line": 48, "column": 21 },
          "end": { "line": 48, "column": 45 }
        },
        "type": "cond-expr",
        "locations": [
          {
            "start": { "line": 48, "column": 30 },
            "end": { "line": 48, "column": 37 }
          },
          {
            "start": { "line": 48, "column": 40 },
            "end": { "line": 48, "column": 45 }
          }
        ],
        "line": 48
      },
      "1": {
        "loc": {
          "start": { "line": 55, "column": 7 },
          "end": { "line": 55, "column": 44 }
        },
        "type": "binary-expr",
        "locations": [
          {
            "start": { "line": 55, "column": 7 },
            "end": { "line": 55, "column": 11 }
          },
          {
            "start": { "line": 55, "column": 15 },
            "end": { "line": 55, "column": 44 }
          }
        ],
        "line": 55
      }
    },
    "s": { "0": 0, "1": 0, "2": 0, "3": 0, "4": 0, "5": 0, "6": 0, "7": 0 },
    "f": { "0": 0, "1": 0 },
    "b": { "0": [0, 0], "1": [0, 0] }
  },
  "/home/asishk/Desktop/wabash/wabash-poc/frontend/src/components/molecules/ProductReferenceCard/index.tsx": {
    "path": "/home/asishk/Desktop/wabash/wabash-poc/frontend/src/components/molecules/ProductReferenceCard/index.tsx",
    "statementMap": {
      "0": {
        "start": { "line": 11, "column": 30 },
        "end": { "line": 75, "column": 1 }
      },
      "1": {
        "start": { "line": 17, "column": 2 },
        "end": { "line": 74, "column": 4 }
      },
      "2": {
        "start": { "line": 50, "column": 10 },
        "end": { "line": 70, "column": 12 }
      }
    },
    "fnMap": {
      "0": {
        "name": "(anonymous_0)",
        "decl": {
          "start": { "line": 11, "column": 30 },
          "end": { "line": 11, "column": 31 }
        },
        "loc": {
          "start": { "line": 16, "column": 29 },
          "end": { "line": 75, "column": 1 }
        },
        "line": 16
      },
      "1": {
        "name": "(anonymous_1)",
        "decl": {
          "start": { "line": 49, "column": 19 },
          "end": { "line": 49, "column": 20 }
        },
        "loc": {
          "start": { "line": 49, "column": 29 },
          "end": { "line": 71, "column": 9 }
        },
        "line": 49
      }
    },
    "branchMap": {},
    "s": { "0": 0, "1": 0, "2": 0 },
    "f": { "0": 0, "1": 0 },
    "b": {}
  },
  "/home/asishk/Desktop/wabash/wabash-poc/frontend/src/components/molecules/SearchResultCard/index.tsx": {
    "path": "/home/asishk/Desktop/wabash/wabash-poc/frontend/src/components/molecules/SearchResultCard/index.tsx",
    "statementMap": {
      "0": {
        "start": { "line": 17, "column": 17 },
        "end": { "line": 23, "column": 2 }
      },
      "1": {
        "start": { "line": 24, "column": 25 },
        "end": { "line": 58, "column": 1 }
      },
      "2": {
        "start": { "line": 31, "column": 2 },
        "end": { "line": 57, "column": 4 }
      }
    },
    "fnMap": {
      "0": {
        "name": "(anonymous_0)",
        "decl": {
          "start": { "line": 24, "column": 25 },
          "end": { "line": 24, "column": 26 }
        },
        "loc": {
          "start": { "line": 30, "column": 29 },
          "end": { "line": 58, "column": 1 }
        },
        "line": 30
      }
    },
    "branchMap": {
      "0": {
        "loc": {
          "start": { "line": 34, "column": 9 },
          "end": { "line": 38, "column": 9 }
        },
        "type": "cond-expr",
        "locations": [
          {
            "start": { "line": 35, "column": 10 },
            "end": { "line": 35, "column": 74 }
          },
          {
            "start": { "line": 37, "column": 10 },
            "end": { "line": 37, "column": 70 }
          }
        ],
        "line": 34
      }
    },
    "s": { "0": 0, "1": 0, "2": 0 },
    "f": { "0": 0 },
    "b": { "0": [0, 0] }
  },
  "/home/asishk/Desktop/wabash/wabash-poc/frontend/src/components/molecules/Slide/index.tsx": {
    "path": "/home/asishk/Desktop/wabash/wabash-poc/frontend/src/components/molecules/Slide/index.tsx",
    "statementMap": {
      "0": {
        "start": { "line": 15, "column": 16 },
        "end": { "line": 24, "column": 3 }
      },
      "1": {
        "start": { "line": 15, "column": 66 },
        "end": { "line": 24, "column": 1 }
      },
      "2": {
        "start": { "line": 26, "column": 23 },
        "end": { "line": 28, "column": 2 }
      },
      "3": {
        "start": { "line": 30, "column": 21 },
        "end": { "line": 32, "column": 2 }
      },
      "4": {
        "start": { "line": 34, "column": 37 },
        "end": { "line": 64, "column": 1 }
      },
      "5": {
        "start": { "line": 41, "column": 2 },
        "end": { "line": 63, "column": 4 }
      }
    },
    "fnMap": {
      "0": {
        "name": "(anonymous_0)",
        "decl": {
          "start": { "line": 15, "column": 30 },
          "end": { "line": 15, "column": 31 }
        },
        "loc": {
          "start": { "line": 15, "column": 66 },
          "end": { "line": 24, "column": 1 }
        },
        "line": 15
      },
      "1": {
        "name": "(anonymous_1)",
        "decl": {
          "start": { "line": 34, "column": 37 },
          "end": { "line": 34, "column": 38 }
        },
        "loc": {
          "start": { "line": 40, "column": 6 },
          "end": { "line": 64, "column": 1 }
        },
        "line": 40
      }
    },
    "branchMap": {},
    "s": { "0": 0, "1": 0, "2": 0, "3": 0, "4": 0, "5": 0 },
    "f": { "0": 0, "1": 0 },
    "b": {}
  },
  "/home/asishk/Desktop/wabash/wabash-poc/frontend/src/components/molecules/SortDropDown/index.tsx": {
    "path": "/home/asishk/Desktop/wabash/wabash-poc/frontend/src/components/molecules/SortDropDown/index.tsx",
    "statementMap": {
      "0": {
        "start": { "line": 20, "column": 28 },
        "end": { "line": 28, "column": 2 }
      },
      "1": {
        "start": { "line": 30, "column": 26 },
        "end": { "line": 36, "column": 1 }
      },
      "2": {
        "start": { "line": 31, "column": 60 },
        "end": { "line": 35, "column": 3 }
      },
      "3": {
        "start": { "line": 37, "column": 19 },
        "end": { "line": 40, "column": 2 }
      },
      "4": {
        "start": { "line": 41, "column": 18 },
        "end": { "line": 53, "column": 1 }
      },
      "5": {
        "start": { "line": 55, "column": 26 },
        "end": { "line": 63, "column": 2 }
      },
      "6": {
        "start": { "line": 65, "column": 21 },
        "end": { "line": 78, "column": 2 }
      },
      "7": {
        "start": { "line": 80, "column": 23 },
        "end": { "line": 94, "column": 2 }
      },
      "8": {
        "start": { "line": 96, "column": 17 },
        "end": { "line": 156, "column": 1 }
      },
      "9": {
        "start": { "line": 103, "column": 2 },
        "end": { "line": 155, "column": 4 }
      },
      "10": {
        "start": { "line": 122, "column": 28 },
        "end": { "line": 133, "column": 13 }
      },
      "11": {
        "start": { "line": 135, "column": 12 },
        "end": { "line": 135, "column": 27 }
      },
      "12": {
        "start": { "line": 139, "column": 12 },
        "end": { "line": 139, "column": 54 }
      },
      "13": {
        "start": { "line": 143, "column": 12 },
        "end": { "line": 150, "column": 29 }
      }
    },
    "fnMap": {
      "0": {
        "name": "(anonymous_0)",
        "decl": {
          "start": { "line": 31, "column": 2 },
          "end": { "line": 31, "column": 3 }
        },
        "loc": {
          "start": { "line": 31, "column": 60 },
          "end": { "line": 35, "column": 3 }
        },
        "line": 31
      },
      "1": {
        "name": "(anonymous_1)",
        "decl": {
          "start": { "line": 96, "column": 17 },
          "end": { "line": 96, "column": 18 }
        },
        "loc": {
          "start": { "line": 102, "column": 21 },
          "end": { "line": 156, "column": 1 }
        },
        "line": 102
      },
      "2": {
        "name": "(anonymous_2)",
        "decl": {
          "start": { "line": 121, "column": 25 },
          "end": { "line": 121, "column": 26 }
        },
        "loc": {
          "start": { "line": 121, "column": 36 },
          "end": { "line": 136, "column": 11 }
        },
        "line": 121
      },
      "3": {
        "name": "(anonymous_3)",
        "decl": {
          "start": { "line": 138, "column": 20 },
          "end": { "line": 138, "column": 21 }
        },
        "loc": {
          "start": { "line": 139, "column": 12 },
          "end": { "line": 139, "column": 54 }
        },
        "line": 139
      },
      "4": {
        "name": "(anonymous_4)",
        "decl": {
          "start": { "line": 142, "column": 23 },
          "end": { "line": 142, "column": 24 }
        },
        "loc": {
          "start": { "line": 143, "column": 12 },
          "end": { "line": 150, "column": 29 }
        },
        "line": 143
      }
    },
    "branchMap": {
      "0": {
        "loc": {
          "start": { "line": 33, "column": 9 },
          "end": { "line": 33, "column": 37 }
        },
        "type": "cond-expr",
        "locations": [
          {
            "start": { "line": 33, "column": 22 },
            "end": { "line": 33, "column": 28 }
          },
          {
            "start": { "line": 33, "column": 31 },
            "end": { "line": 33, "column": 37 }
          }
        ],
        "line": 33
      },
      "1": {
        "loc": {
          "start": { "line": 105, "column": 7 },
          "end": { "line": 116, "column": 7 }
        },
        "type": "cond-expr",
        "locations": [
          {
            "start": { "line": 106, "column": 8 },
            "end": { "line": 111, "column": 30 }
          },
          {
            "start": { "line": 113, "column": 8 },
            "end": { "line": 115, "column": 21 }
          }
        ],
        "line": 105
      },
      "2": {
        "loc": {
          "start": { "line": 120, "column": 17 },
          "end": { "line": 120, "column": 50 }
        },
        "type": "cond-expr",
        "locations": [
          {
            "start": { "line": 120, "column": 32 },
            "end": { "line": 120, "column": 37 }
          },
          {
            "start": { "line": 120, "column": 40 },
            "end": { "line": 120, "column": 50 }
          }
        ],
        "line": 120
      },
      "3": {
        "loc": {
          "start": { "line": 122, "column": 28 },
          "end": { "line": 133, "column": 13 }
        },
        "type": "cond-expr",
        "locations": [
          {
            "start": { "line": 123, "column": 14 },
            "end": { "line": 125, "column": 27 }
          },
          {
            "start": { "line": 127, "column": 14 },
            "end": { "line": 132, "column": 27 }
          }
        ],
        "line": 122
      }
    },
    "s": {
      "0": 0,
      "1": 0,
      "2": 0,
      "3": 0,
      "4": 0,
      "5": 0,
      "6": 0,
      "7": 0,
      "8": 0,
      "9": 0,
      "10": 0,
      "11": 0,
      "12": 0,
      "13": 0
    },
    "f": { "0": 0, "1": 0, "2": 0, "3": 0, "4": 0 },
    "b": { "0": [0, 0], "1": [0, 0], "2": [0, 0], "3": [0, 0] }
  },
  "/home/asishk/Desktop/wabash/wabash-poc/frontend/src/components/molecules/SummaryCard/index.tsx": {
    "path": "/home/asishk/Desktop/wabash/wabash-poc/frontend/src/components/molecules/SummaryCard/index.tsx",
    "statementMap": {
      "0": {
        "start": { "line": 11, "column": 29 },
        "end": { "line": 16, "column": 2 }
      },
      "1": {
        "start": { "line": 18, "column": 21 },
        "end": { "line": 22, "column": 2 }
      },
      "2": {
        "start": { "line": 24, "column": 22 },
        "end": { "line": 28, "column": 2 }
      },
      "3": {
        "start": { "line": 29, "column": 23 },
        "end": { "line": 31, "column": 2 }
      },
      "4": {
        "start": { "line": 33, "column": 20 },
        "end": { "line": 83, "column": 1 }
      },
      "5": {
        "start": { "line": 34, "column": 2 },
        "end": { "line": 82, "column": 4 }
      }
    },
    "fnMap": {
      "0": {
        "name": "(anonymous_0)",
        "decl": {
          "start": { "line": 33, "column": 20 },
          "end": { "line": 33, "column": 21 }
        },
        "loc": {
          "start": { "line": 33, "column": 65 },
          "end": { "line": 83, "column": 1 }
        },
        "line": 33
      }
    },
    "branchMap": {},
    "s": { "0": 0, "1": 0, "2": 0, "3": 0, "4": 0, "5": 0 },
    "f": { "0": 0 },
    "b": {}
  },
  "/home/asishk/Desktop/wabash/wabash-poc/frontend/src/components/molecules/Tabs/index.tsx": {
    "path": "/home/asishk/Desktop/wabash/wabash-poc/frontend/src/components/molecules/Tabs/index.tsx",
    "statementMap": {
      "0": {
        "start": { "line": 13, "column": 38 },
        "end": { "line": 45, "column": 1 }
      },
      "1": {
        "start": { "line": 14, "column": 2 },
        "end": { "line": 44, "column": 4 }
      },
      "2": {
        "start": { "line": 18, "column": 10 },
        "end": { "line": 40, "column": 12 }
      },
      "3": {
        "start": { "line": 21, "column": 29 },
        "end": { "line": 21, "column": 74 }
      }
    },
    "fnMap": {
      "0": {
        "name": "(anonymous_0)",
        "decl": {
          "start": { "line": 13, "column": 38 },
          "end": { "line": 13, "column": 39 }
        },
        "loc": {
          "start": { "line": 13, "column": 49 },
          "end": { "line": 45, "column": 1 }
        },
        "line": 13
      },
      "1": {
        "name": "(anonymous_1)",
        "decl": {
          "start": { "line": 17, "column": 28 },
          "end": { "line": 17, "column": 29 }
        },
        "loc": {
          "start": { "line": 17, "column": 38 },
          "end": { "line": 41, "column": 9 }
        },
        "line": 17
      },
      "2": {
        "name": "(anonymous_2)",
        "decl": {
          "start": { "line": 21, "column": 23 },
          "end": { "line": 21, "column": 24 }
        },
        "loc": {
          "start": { "line": 21, "column": 29 },
          "end": { "line": 21, "column": 74 }
        },
        "line": 21
      }
    },
    "branchMap": {
      "0": {
        "loc": {
          "start": { "line": 25, "column": 18 },
          "end": { "line": 27, "column": 28 }
        },
        "type": "cond-expr",
        "locations": [
          {
            "start": { "line": 26, "column": 22 },
            "end": { "line": 26, "column": 34 }
          },
          {
            "start": { "line": 27, "column": 22 },
            "end": { "line": 27, "column": 28 }
          }
        ],
        "line": 25
      },
      "1": {
        "loc": {
          "start": { "line": 32, "column": 18 },
          "end": { "line": 34, "column": 48 }
        },
        "type": "cond-expr",
        "locations": [
          {
            "start": { "line": 33, "column": 22 },
            "end": { "line": 33, "column": 53 }
          },
          {
            "start": { "line": 34, "column": 22 },
            "end": { "line": 34, "column": 48 }
          }
        ],
        "line": 32
      }
    },
    "s": { "0": 0, "1": 0, "2": 0, "3": 0 },
    "f": { "0": 0, "1": 0, "2": 0 },
    "b": { "0": [0, 0], "1": [0, 0] }
  },
  "/home/asishk/Desktop/wabash/wabash-poc/frontend/src/components/molecules/TextualSwitch/index.tsx": {
    "path": "/home/asishk/Desktop/wabash/wabash-poc/frontend/src/components/molecules/TextualSwitch/index.tsx",
    "statementMap": {
      "0": {
        "start": { "line": 15, "column": 22 },
        "end": { "line": 40, "column": 1 }
      },
      "1": {
        "start": { "line": 21, "column": 2 },
        "end": { "line": 39, "column": 4 }
      },
      "2": {
        "start": { "line": 34, "column": 27 },
        "end": { "line": 34, "column": 46 }
      }
    },
    "fnMap": {
      "0": {
        "name": "(anonymous_0)",
        "decl": {
          "start": { "line": 15, "column": 22 },
          "end": { "line": 15, "column": 23 }
        },
        "loc": {
          "start": { "line": 20, "column": 24 },
          "end": { "line": 40, "column": 1 }
        },
        "line": 20
      },
      "1": {
        "name": "(anonymous_1)",
        "decl": {
          "start": { "line": 34, "column": 20 },
          "end": { "line": 34, "column": 21 }
        },
        "loc": {
          "start": { "line": 34, "column": 27 },
          "end": { "line": 34, "column": 46 }
        },
        "line": 34
      }
    },
    "branchMap": {},
    "s": { "0": 0, "1": 0, "2": 0 },
    "f": { "0": 0, "1": 0 },
    "b": {}
  },
  "/home/asishk/Desktop/wabash/wabash-poc/frontend/src/components/molecules/UpToDate/index.tsx": {
    "path": "/home/asishk/Desktop/wabash/wabash-poc/frontend/src/components/molecules/UpToDate/index.tsx",
    "statementMap": {
      "0": {
        "start": { "line": 20, "column": 24 },
        "end": { "line": 25, "column": 2 }
      },
      "1": {
        "start": { "line": 27, "column": 20 },
        "end": { "line": 31, "column": 2 }
      },
      "2": {
        "start": { "line": 33, "column": 26 },
        "end": { "line": 36, "column": 2 }
      },
      "3": {
        "start": { "line": 37, "column": 23 },
        "end": { "line": 43, "column": 2 }
      },
      "4": {
        "start": { "line": 44, "column": 21 },
        "end": { "line": 48, "column": 2 }
      },
      "5": {
        "start": { "line": 49, "column": 24 },
        "end": { "line": 83, "column": 1 }
      },
      "6": {
        "start": { "line": 50, "column": 2 },
        "end": { "line": 82, "column": 4 }
      }
    },
    "fnMap": {
      "0": {
        "name": "(anonymous_0)",
        "decl": {
          "start": { "line": 49, "column": 24 },
          "end": { "line": 49, "column": 25 }
        },
        "loc": {
          "start": { "line": 49, "column": 50 },
          "end": { "line": 83, "column": 1 }
        },
        "line": 49
      }
    },
    "branchMap": {},
    "s": { "0": 0, "1": 0, "2": 0, "3": 0, "4": 0, "5": 0, "6": 0 },
    "f": { "0": 0 },
    "b": {}
  },
  "/home/asishk/Desktop/wabash/wabash-poc/frontend/src/components/organisms/Footer/index.tsx": {
    "path": "/home/asishk/Desktop/wabash/wabash-poc/frontend/src/components/organisms/Footer/index.tsx",
    "statementMap": {
      "0": {
        "start": { "line": 13, "column": 21 },
        "end": { "line": 144, "column": 1 }
      },
      "1": {
        "start": { "line": 14, "column": 22 },
        "end": { "line": 31, "column": 3 }
      },
      "2": {
        "start": { "line": 33, "column": 26 },
        "end": { "line": 39, "column": 4 }
      },
      "3": {
        "start": { "line": 41, "column": 22 },
        "end": { "line": 46, "column": 4 }
      },
      "4": {
        "start": { "line": 48, "column": 22 },
        "end": { "line": 53, "column": 4 }
      },
      "5": {
        "start": { "line": 54, "column": 28 },
        "end": { "line": 58, "column": 4 }
      },
      "6": {
        "start": { "line": 60, "column": 22 },
        "end": { "line": 68, "column": 4 }
      },
      "7": {
        "start": { "line": 70, "column": 23 },
        "end": { "line": 74, "column": 4 }
      },
      "8": {
        "start": { "line": 76, "column": 23 },
        "end": { "line": 91, "column": 4 }
      },
      "9": {
        "start": { "line": 93, "column": 24 },
        "end": { "line": 95, "column": 4 }
      },
      "10": {
        "start": { "line": 97, "column": 23 },
        "end": { "line": 101, "column": 3 }
      },
      "11": {
        "start": { "line": 102, "column": 2 },
        "end": { "line": 143, "column": 4 }
      },
      "12": {
        "start": { "line": 109, "column": 14 },
        "end": { "line": 114, "column": 16 }
      },
      "13": {
        "start": { "line": 129, "column": 12 },
        "end": { "line": 138, "column": 14 }
      }
    },
    "fnMap": {
      "0": {
        "name": "(anonymous_0)",
        "decl": {
          "start": { "line": 13, "column": 21 },
          "end": { "line": 13, "column": 22 }
        },
        "loc": {
          "start": { "line": 13, "column": 27 },
          "end": { "line": 144, "column": 1 }
        },
        "line": 13
      },
      "1": {
        "name": "(anonymous_1)",
        "decl": {
          "start": { "line": 108, "column": 29 },
          "end": { "line": 108, "column": 30 }
        },
        "loc": {
          "start": { "line": 108, "column": 39 },
          "end": { "line": 115, "column": 13 }
        },
        "line": 108
      },
      "2": {
        "name": "(anonymous_2)",
        "decl": {
          "start": { "line": 128, "column": 28 },
          "end": { "line": 128, "column": 29 }
        },
        "loc": {
          "start": { "line": 128, "column": 38 },
          "end": { "line": 139, "column": 11 }
        },
        "line": 128
      }
    },
    "branchMap": {},
    "s": {
      "0": 0,
      "1": 0,
      "2": 0,
      "3": 0,
      "4": 0,
      "5": 0,
      "6": 0,
      "7": 0,
      "8": 0,
      "9": 0,
      "10": 0,
      "11": 0,
      "12": 0,
      "13": 0
    },
    "f": { "0": 0, "1": 0, "2": 0 },
    "b": {}
  },
  "/home/asishk/Desktop/wabash/wabash-poc/frontend/src/components/organisms/GlobalSearchBar/index.tsx": {
    "path": "/home/asishk/Desktop/wabash/wabash-poc/frontend/src/components/organisms/GlobalSearchBar/index.tsx",
    "statementMap": {
      "0": {
        "start": { "line": 18, "column": 17 },
        "end": { "line": 22, "column": 2 }
      },
      "1": {
        "start": { "line": 24, "column": 20 },
        "end": { "line": 33, "column": 2 }
      },
      "2": {
        "start": { "line": 34, "column": 21 },
        "end": { "line": 139, "column": 1 }
      },
      "3": {
        "start": { "line": 35, "column": 28 },
        "end": { "line": 35, "column": 40 }
      },
      "4": {
        "start": { "line": 36, "column": 42 },
        "end": { "line": 36, "column": 57 }
      },
      "5": {
        "start": { "line": 37, "column": 36 },
        "end": { "line": 37, "column": 50 }
      },
      "6": {
        "start": { "line": 38, "column": 28 },
        "end": { "line": 38, "column": 39 }
      },
      "7": {
        "start": { "line": 39, "column": 26 },
        "end": { "line": 39, "column": 63 }
      },
      "8": {
        "start": { "line": 41, "column": 2 },
        "end": { "line": 50, "column": 14 }
      },
      "9": {
        "start": { "line": 42, "column": 22 },
        "end": { "line": 48, "column": 5 }
      },
      "10": {
        "start": { "line": 43, "column": 6 },
        "end": { "line": 43, "column": 25 }
      },
      "11": {
        "start": { "line": 44, "column": 19 },
        "end": { "line": 44, "column": 46 }
      },
      "12": {
        "start": { "line": 45, "column": 6 },
        "end": { "line": 45, "column": 25 }
      },
      "13": {
        "start": { "line": 46, "column": 6 },
        "end": { "line": 46, "column": 27 }
      },
      "14": {
        "start": { "line": 47, "column": 6 },
        "end": { "line": 47, "column": 26 }
      },
      "15": {
        "start": { "line": 49, "column": 4 },
        "end": { "line": 49, "column": 16 }
      },
      "16": {
        "start": { "line": 51, "column": 19 },
        "end": { "line": 51, "column": 32 }
      },
      "17": {
        "start": { "line": 52, "column": 24 },
        "end": { "line": 54, "column": 3 }
      },
      "18": {
        "start": { "line": 53, "column": 4 },
        "end": { "line": 53, "column": 23 }
      },
      "19": {
        "start": { "line": 55, "column": 25 },
        "end": { "line": 57, "column": 3 }
      },
      "20": {
        "start": { "line": 56, "column": 4 },
        "end": { "line": 56, "column": 59 }
      },
      "21": {
        "start": { "line": 59, "column": 2 },
        "end": { "line": 138, "column": 4 }
      },
      "22": {
        "start": { "line": 66, "column": 10 },
        "end": { "line": 66, "column": 32 }
      },
      "23": {
        "start": { "line": 69, "column": 10 },
        "end": { "line": 69, "column": 33 }
      },
      "24": {
        "start": { "line": 71, "column": 25 },
        "end": { "line": 71, "column": 49 }
      },
      "25": {
        "start": { "line": 114, "column": 16 },
        "end": { "line": 131, "column": 18 }
      },
      "26": {
        "start": { "line": 126, "column": 24 },
        "end": { "line": 126, "column": 48 }
      }
    },
    "fnMap": {
      "0": {
        "name": "(anonymous_0)",
        "decl": {
          "start": { "line": 34, "column": 21 },
          "end": { "line": 34, "column": 22 }
        },
        "loc": {
          "start": { "line": 34, "column": 27 },
          "end": { "line": 139, "column": 1 }
        },
        "line": 34
      },
      "1": {
        "name": "(anonymous_1)",
        "decl": {
          "start": { "line": 41, "column": 12 },
          "end": { "line": 41, "column": 13 }
        },
        "loc": {
          "start": { "line": 41, "column": 18 },
          "end": { "line": 50, "column": 3 }
        },
        "line": 41
      },
      "2": {
        "name": "(anonymous_2)",
        "decl": {
          "start": { "line": 42, "column": 22 },
          "end": { "line": 42, "column": 23 }
        },
        "loc": {
          "start": { "line": 42, "column": 34 },
          "end": { "line": 48, "column": 5 }
        },
        "line": 42
      },
      "3": {
        "name": "(anonymous_3)",
        "decl": {
          "start": { "line": 52, "column": 24 },
          "end": { "line": 52, "column": 25 }
        },
        "loc": {
          "start": { "line": 52, "column": 30 },
          "end": { "line": 54, "column": 3 }
        },
        "line": 52
      },
      "4": {
        "name": "(anonymous_4)",
        "decl": {
          "start": { "line": 55, "column": 25 },
          "end": { "line": 55, "column": 26 }
        },
        "loc": {
          "start": { "line": 55, "column": 41 },
          "end": { "line": 57, "column": 3 }
        },
        "line": 55
      },
      "5": {
        "name": "(anonymous_5)",
        "decl": {
          "start": { "line": 65, "column": 17 },
          "end": { "line": 65, "column": 18 }
        },
        "loc": {
          "start": { "line": 65, "column": 23 },
          "end": { "line": 67, "column": 9 }
        },
        "line": 65
      },
      "6": {
        "name": "(anonymous_6)",
        "decl": {
          "start": { "line": 68, "column": 16 },
          "end": { "line": 68, "column": 17 }
        },
        "loc": {
          "start": { "line": 68, "column": 22 },
          "end": { "line": 70, "column": 9 }
        },
        "line": 68
      },
      "7": {
        "name": "(anonymous_7)",
        "decl": {
          "start": { "line": 71, "column": 18 },
          "end": { "line": 71, "column": 19 }
        },
        "loc": {
          "start": { "line": 71, "column": 25 },
          "end": { "line": 71, "column": 49 }
        },
        "line": 71
      },
      "8": {
        "name": "(anonymous_8)",
        "decl": {
          "start": { "line": 113, "column": 24 },
          "end": { "line": 113, "column": 25 }
        },
        "loc": {
          "start": { "line": 113, "column": 34 },
          "end": { "line": 132, "column": 15 }
        },
        "line": 113
      },
      "9": {
        "name": "(anonymous_9)",
        "decl": {
          "start": { "line": 125, "column": 35 },
          "end": { "line": 125, "column": 36 }
        },
        "loc": {
          "start": { "line": 125, "column": 41 },
          "end": { "line": 127, "column": 23 }
        },
        "line": 125
      }
    },
    "branchMap": {
      "0": {
        "loc": {
          "start": { "line": 76, "column": 7 },
          "end": { "line": 136, "column": 7 }
        },
        "type": "binary-expr",
        "locations": [
          {
            "start": { "line": 76, "column": 7 },
            "end": { "line": 76, "column": 19 }
          },
          {
            "start": { "line": 77, "column": 8 },
            "end": { "line": 135, "column": 22 }
          }
        ],
        "line": 76
      },
      "1": {
        "loc": {
          "start": { "line": 78, "column": 11 },
          "end": { "line": 134, "column": 11 }
        },
        "type": "cond-expr",
        "locations": [
          {
            "start": { "line": 79, "column": 12 },
            "end": { "line": 81, "column": 25 }
          },
          {
            "start": { "line": 82, "column": 14 },
            "end": { "line": 134, "column": 11 }
          }
        ],
        "line": 78
      },
      "2": {
        "loc": {
          "start": { "line": 82, "column": 14 },
          "end": { "line": 134, "column": 11 }
        },
        "type": "cond-expr",
        "locations": [
          {
            "start": { "line": 83, "column": 12 },
            "end": { "line": 85, "column": 25 }
          },
          {
            "start": { "line": 87, "column": 12 },
            "end": { "line": 133, "column": 15 }
          }
        ],
        "line": 82
      }
    },
    "s": {
      "0": 0,
      "1": 0,
      "2": 0,
      "3": 0,
      "4": 0,
      "5": 0,
      "6": 0,
      "7": 0,
      "8": 0,
      "9": 0,
      "10": 0,
      "11": 0,
      "12": 0,
      "13": 0,
      "14": 0,
      "15": 0,
      "16": 0,
      "17": 0,
      "18": 0,
      "19": 0,
      "20": 0,
      "21": 0,
      "22": 0,
      "23": 0,
      "24": 0,
      "25": 0,
      "26": 0
    },
    "f": {
      "0": 0,
      "1": 0,
      "2": 0,
      "3": 0,
      "4": 0,
      "5": 0,
      "6": 0,
      "7": 0,
      "8": 0,
      "9": 0
    },
    "b": { "0": [0, 0], "1": [0, 0], "2": [0, 0] }
  },
  "/home/asishk/Desktop/wabash/wabash-poc/frontend/src/components/organisms/Header/index.tsx": {
    "path": "/home/asishk/Desktop/wabash/wabash-poc/frontend/src/components/organisms/Header/index.tsx",
    "statementMap": {
      "0": {
        "start": { "line": 14, "column": 22 },
        "end": { "line": 22, "column": 2 }
      },
      "1": {
        "start": { "line": 24, "column": 18 },
        "end": { "line": 27, "column": 2 }
      },
      "2": {
        "start": { "line": 29, "column": 20 },
        "end": { "line": 34, "column": 2 }
      },
      "3": {
        "start": { "line": 36, "column": 21 },
        "end": { "line": 43, "column": 2 }
      },
      "4": {
        "start": { "line": 45, "column": 15 },
        "end": { "line": 109, "column": 1 }
      },
      "5": {
        "start": { "line": 46, "column": 19 },
        "end": { "line": 46, "column": 32 }
      },
      "6": {
        "start": { "line": 47, "column": 19 },
        "end": { "line": 47, "column": 32 }
      },
      "7": {
        "start": { "line": 48, "column": 25 },
        "end": { "line": 50, "column": 3 }
      },
      "8": {
        "start": { "line": 49, "column": 4 },
        "end": { "line": 49, "column": 40 }
      },
      "9": {
        "start": { "line": 51, "column": 21 },
        "end": { "line": 53, "column": 3 }
      },
      "10": {
        "start": { "line": 52, "column": 4 },
        "end": { "line": 52, "column": 18 }
      },
      "11": {
        "start": { "line": 54, "column": 2 },
        "end": { "line": 108, "column": 4 }
      }
    },
    "fnMap": {
      "0": {
        "name": "(anonymous_0)",
        "decl": {
          "start": { "line": 45, "column": 15 },
          "end": { "line": 45, "column": 16 }
        },
        "loc": {
          "start": { "line": 45, "column": 21 },
          "end": { "line": 109, "column": 1 }
        },
        "line": 45
      },
      "1": {
[...]
        },
        "line": 328
      },
      "30": {
        "name": "(anonymous_30)",
        "decl": {
          "start": { "line": 331, "column": 34 },
          "end": { "line": 331, "column": 35 }
        },
        "loc": {
          "start": { "line": 331, "column": 40 },
          "end": { "line": 333, "column": 3 }
        },
        "line": 331
      },
      "31": {
        "name": "(anonymous_31)",
        "decl": {
          "start": { "line": 334, "column": 31 },
          "end": { "line": 334, "column": 32 }
        },
        "loc": {
          "start": { "line": 334, "column": 37 },
          "end": { "line": 336, "column": 3 }
        },
        "line": 334
      },
      "32": {
        "name": "(anonymous_32)",
        "decl": {
          "start": { "line": 337, "column": 30 },
          "end": { "line": 337, "column": 31 }
        },
        "loc": {
          "start": { "line": 337, "column": 36 },
          "end": { "line": 339, "column": 3 }
        },
        "line": 337
      },
      "33": {
        "name": "(anonymous_33)",
        "decl": {
          "start": { "line": 341, "column": 18 },
          "end": { "line": 341, "column": 19 }
        },
        "loc": {
          "start": { "line": 341, "column": 24 },
          "end": { "line": 535, "column": 3 }
        },
        "line": 341
      },
      "34": {
        "name": "(anonymous_34)",
        "decl": {
          "start": { "line": 343, "column": 15 },
          "end": { "line": 343, "column": 16 }
        },
        "loc": {
          "start": { "line": 343, "column": 28 },
          "end": { "line": 356, "column": 7 }
        },
        "line": 343
      },
      "35": {
        "name": "(anonymous_35)",
        "decl": {
          "start": { "line": 357, "column": 14 },
          "end": { "line": 357, "column": 15 }
        },
        "loc": {
          "start": { "line": 357, "column": 27 },
          "end": { "line": 379, "column": 7 }
        },
        "line": 357
      },
      "36": {
        "name": "(anonymous_36)",
        "decl": {
          "start": { "line": 359, "column": 26 },
          "end": { "line": 359, "column": 27 }
        },
        "loc": {
          "start": { "line": 359, "column": 40 },
          "end": { "line": 359, "column": 57 }
        },
        "line": 359
      },
      "37": {
        "name": "(anonymous_37)",
        "decl": {
          "start": { "line": 360, "column": 29 },
          "end": { "line": 360, "column": 30 }
        },
        "loc": {
          "start": { "line": 360, "column": 47 },
          "end": { "line": 360, "column": 68 }
        },
        "line": 360
      },
      "38": {
        "name": "(anonymous_38)",
        "decl": {
          "start": { "line": 363, "column": 28 },
          "end": { "line": 363, "column": 29 }
        },
        "loc": {
          "start": { "line": 364, "column": 14 },
          "end": { "line": 368, "column": 15 }
        },
        "line": 364
      },
      "39": {
        "name": "(anonymous_39)",
        "decl": {
          "start": { "line": 365, "column": 16 },
          "end": { "line": 365, "column": 17 }
        },
        "loc": {
          "start": { "line": 366, "column": 18 },
          "end": { "line": 367, "column": 59 }
        },
        "line": 366
      },
      "40": {
        "name": "(anonymous_40)",
        "decl": {
          "start": { "line": 371, "column": 14 },
          "end": { "line": 371, "column": 15 }
        },
        "loc": {
          "start": { "line": 372, "column": 16 },
          "end": { "line": 373, "column": 58 }
        },
        "line": 372
      },
      "41": {
        "name": "(anonymous_41)",
        "decl": {
          "start": { "line": 381, "column": 50 },
          "end": { "line": 381, "column": 51 }
        },
        "loc": {
          "start": { "line": 381, "column": 60 },
          "end": { "line": 398, "column": 5 }
        },
        "line": 381
      },
      "42": {
        "name": "(anonymous_42)",
        "decl": {
          "start": { "line": 455, "column": 67 },
          "end": { "line": 455, "column": 68 }
        },
        "loc": {
          "start": { "line": 455, "column": 77 },
          "end": { "line": 468, "column": 19 }
        },
        "line": 455
      },
      "43": {
        "name": "(anonymous_43)",
        "decl": {
          "start": { "line": 463, "column": 37 },
          "end": { "line": 463, "column": 38 }
        },
        "loc": {
          "start": { "line": 463, "column": 43 },
          "end": { "line": 465, "column": 25 }
        },
        "line": 463
      },
      "44": {
        "name": "(anonymous_44)",
        "decl": {
          "start": { "line": 472, "column": 67 },
          "end": { "line": 472, "column": 68 }
        },
        "loc": {
          "start": { "line": 472, "column": 77 },
          "end": { "line": 484, "column": 19 }
        },
        "line": 472
      },
      "45": {
        "name": "(anonymous_45)",
        "decl": {
          "start": { "line": 479, "column": 33 },
          "end": { "line": 479, "column": 34 }
        },
        "loc": {
          "start": { "line": 479, "column": 39 },
          "end": { "line": 481, "column": 25 }
        },
        "line": 479
      },
      "46": {
        "name": "(anonymous_46)",
        "decl": {
          "start": { "line": 490, "column": 38 },
          "end": { "line": 490, "column": 39 }
        },
        "loc": {
          "start": { "line": 490, "column": 60 },
          "end": { "line": 492, "column": 17 }
        },
        "line": 490
      },
      "47": {
        "name": "(anonymous_47)",
        "decl": {
          "start": { "line": 493, "column": 40 },
          "end": { "line": 493, "column": 41 }
        },
        "loc": {
          "start": { "line": 494, "column": 18 },
          "end": { "line": 494, "column": 52 }
        },
        "line": 494
      },
      "48": {
        "name": "(anonymous_48)",
        "decl": {
          "start": { "line": 511, "column": 25 },
          "end": { "line": 511, "column": 26 }
        },
        "loc": {
          "start": { "line": 511, "column": 31 },
          "end": { "line": 511, "column": 33 }
        },
        "line": 511
      }
    },
    "branchMap": {
      "0": {
        "loc": {
          "start": { "line": 216, "column": 8 },
          "end": { "line": 225, "column": 20 }
        },
        "type": "cond-expr",
        "locations": [
          {
            "start": { "line": 217, "column": 12 },
            "end": { "line": 224, "column": 13 }
          },
          {
            "start": { "line": 225, "column": 12 },
            "end": { "line": 225, "column": 20 }
          }
        ],
        "line": 216
      },
      "1": {
        "loc": {
          "start": { "line": 235, "column": 8 },
          "end": { "line": 249, "column": 20 }
        },
        "type": "cond-expr",
        "locations": [
          {
            "start": { "line": 236, "column": 12 },
            "end": { "line": 248, "column": 13 }
          },
          {
            "start": { "line": 249, "column": 12 },
            "end": { "line": 249, "column": 20 }
          }
        ],
        "line": 235
      },
      "2": {
        "loc": {
          "start": { "line": 239, "column": 16 },
          "end": { "line": 241, "column": 40 }
        },
        "type": "cond-expr",
        "locations": [
          {
            "start": { "line": 240, "column": 20 },
            "end": { "line": 240, "column": 41 }
          },
          {
            "start": { "line": 241, "column": 20 },
            "end": { "line": 241, "column": 40 }
          }
        ],
        "line": 239
      },
      "3": {
        "loc": {
          "start": { "line": 244, "column": 16 },
          "end": { "line": 246, "column": 31 }
        },
        "type": "cond-expr",
        "locations": [
          {
            "start": { "line": 245, "column": 20 },
            "end": { "line": 245, "column": 71 }
          },
          {
            "start": { "line": 246, "column": 20 },
            "end": { "line": 246, "column": 31 }
          }
        ],
        "line": 244
      },
      "4": {
        "loc": {
          "start": { "line": 257, "column": 8 },
          "end": { "line": 259, "column": 51 }
        },
        "type": "cond-expr",
        "locations": [
          {
            "start": { "line": 258, "column": 12 },
            "end": { "line": 258, "column": 36 }
          },
          {
            "start": { "line": 259, "column": 12 },
            "end": { "line": 259, "column": 51 }
          }
        ],
        "line": 257
      },
      "5": {
        "loc": {
          "start": { "line": 296, "column": 8 },
          "end": { "line": 298, "column": 24 }
        },
        "type": "cond-expr",
        "locations": [
          {
            "start": { "line": 297, "column": 12 },
            "end": { "line": 297, "column": 65 }
          },
          {
            "start": { "line": 298, "column": 12 },
            "end": { "line": 298, "column": 24 }
          }
        ],
        "line": 296
      },
      "6": {
        "loc": {
          "start": { "line": 344, "column": 8 },
          "end": { "line": 355, "column": 9 }
        },
        "type": "if",
        "locations": [
          {
            "start": { "line": 344, "column": 8 },
            "end": { "line": 355, "column": 9 }
          },
          {
            "start": { "line": 353, "column": 15 },
            "end": { "line": 355, "column": 9 }
          }
        ],
        "line": 344
      },
      "7": {
        "loc": {
          "start": { "line": 345, "column": 10 },
          "end": { "line": 346, "column": 47 }
        },
        "type": "binary-expr",
        "locations": [
          {
            "start": { "line": 345, "column": 11 },
            "end": { "line": 345, "column": 24 }
          },
          {
            "start": { "line": 345, "column": 28 },
            "end": { "line": 345, "column": 46 }
          },
          {
            "start": { "line": 346, "column": 11 },
            "end": { "line": 346, "column": 25 }
          },
          {
            "start": { "line": 346, "column": 29 },
            "end": { "line": 346, "column": 46 }
          }
        ],
        "line": 345
      },
      "8": {
        "loc": {
          "start": { "line": 348, "column": 10 },
          "end": { "line": 352, "column": 11 }
        },
        "type": "if",
        "locations": [
          {
            "start": { "line": 348, "column": 10 },
            "end": { "line": 352, "column": 11 }
          },
          {
            "start": { "line": 350, "column": 17 },
            "end": { "line": 352, "column": 11 }
          }
        ],
        "line": 348
      },
      "9": {
        "loc": {
          "start": { "line": 348, "column": 14 },
          "end": { "line": 348, "column": 49 }
        },
        "type": "binary-expr",
        "locations": [
          {
            "start": { "line": 348, "column": 14 },
            "end": { "line": 348, "column": 27 }
          },
          {
            "start": { "line": 348, "column": 31 },
            "end": { "line": 348, "column": 49 }
          }
        ],
        "line": 348
      },
      "10": {
        "loc": {
          "start": { "line": 358, "column": 8 },
          "end": { "line": 378, "column": 9 }
        },
        "type": "if",
        "locations": [
          {
            "start": { "line": 358, "column": 8 },
            "end": { "line": 378, "column": 9 }
          },
          {
            "start": { "line": 376, "column": 15 },
            "end": { "line": 378, "column": 9 }
          }
        ],
        "line": 358
      },
      "11": {
        "loc": {
          "start": { "line": 359, "column": 10 },
          "end": { "line": 360, "column": 69 }
        },
        "type": "binary-expr",
        "locations": [
          {
            "start": { "line": 359, "column": 10 },
            "end": { "line": 359, "column": 58 }
          },
          {
            "start": { "line": 360, "column": 10 },
            "end": { "line": 360, "column": 69 }
          }
        ],
        "line": 359
      },
      "12": {
        "loc": {
          "start": { "line": 363, "column": 12 },
          "end": { "line": 374, "column": 13 }
        },
        "type": "binary-expr",
        "locations": [
          {
            "start": { "line": 363, "column": 12 },
            "end": { "line": 369, "column": 13 }
          },
          {
            "start": { "line": 370, "column": 12 },
            "end": { "line": 374, "column": 13 }
          }
        ],
        "line": 363
      },
      "13": {
        "loc": {
          "start": { "line": 366, "column": 18 },
          "end": { "line": 367, "column": 59 }
        },
        "type": "binary-expr",
        "locations": [
          {
            "start": { "line": 366, "column": 18 },
            "end": { "line": 366, "column": 38 }
          },
          {
            "start": { "line": 367, "column": 18 },
            "end": { "line": 367, "column": 59 }
          }
        ],
        "line": 366
      },
      "14": {
        "loc": {
          "start": { "line": 372, "column": 16 },
          "end": { "line": 373, "column": 58 }
        },
        "type": "binary-expr",
        "locations": [
          {
            "start": { "line": 372, "column": 16 },
            "end": { "line": 372, "column": 37 }
          },
          {
            "start": { "line": 373, "column": 16 },
            "end": { "line": 373, "column": 58 }
          }
        ],
        "line": 372
      },
      "15": {
        "loc": {
          "start": { "line": 382, "column": 6 },
          "end": { "line": 397, "column": 7 }
        },
        "type": "switch",
        "locations": [
          {
            "start": { "line": 383, "column": 8 },
            "end": { "line": 384, "column": 60 }
          },
          {
            "start": { "line": 385, "column": 8 },
            "end": { "line": 386, "column": 60 }
          },
          {
            "start": { "line": 387, "column": 8 },
            "end": { "line": 388, "column": 62 }
          },
          {
            "start": { "line": 389, "column": 8 },
            "end": { "line": 390, "column": 62 }
          },
          {
            "start": { "line": 391, "column": 8 },
            "end": { "line": 392, "column": 60 }
          },
          {
            "start": { "line": 393, "column": 8 },
            "end": { "line": 394, "column": 60 }
          },
          {
            "start": { "line": 395, "column": 8 },
            "end": { "line": 396, "column": 19 }
          }
        ],
        "line": 382
      },
      "16": {
        "loc": {
          "start": { "line": 401, "column": 22 },
          "end": { "line": 401, "column": 49 }
        },
        "type": "binary-expr",
        "locations": [
          {
            "start": { "line": 401, "column": 22 },
            "end": { "line": 401, "column": 44 }
          },
          {
            "start": { "line": 401, "column": 48 },
            "end": { "line": 401, "column": 49 }
          }
        ],
        "line": 401
      },
      "17": {
        "loc": {
          "start": { "line": 453, "column": 15 },
          "end": { "line": 486, "column": 15 }
        },
        "type": "cond-expr",
        "locations": [
          {
            "start": { "line": 454, "column": 16 },
            "end": { "line": 469, "column": 34 }
          },
          {
            "start": { "line": 471, "column": 16 },
            "end": { "line": 485, "column": 33 }
          }
        ],
        "line": 453
      }
    },
    "s": {
      "0": 0,
      "1": 0,
      "2": 0,
      "3": 0,
      "4": 0,
      "5": 0,
      "6": 0,
      "7": 0,
      "8": 0,
      "9": 0,
      "10": 0,
      "11": 0,
      "12": 0,
      "13": 0,
      "14": 0,
      "15": 0,
      "16": 0,
      "17": 0,
      "18": 0,
      "19": 0,
      "20": 0,
      "21": 0,
      "22": 0,
      "23": 0,
      "24": 0,
      "25": 0,
      "26": 0,
      "27": 0,
      "28": 0,
      "29": 0,
      "30": 0,
      "31": 0,
      "32": 0,
      "33": 0,
      "34": 0,
      "35": 0,
      "36": 0,
      "37": 0,
      "38": 0,
      "39": 0,
      "40": 0,
      "41": 0,
      "42": 0,
      "43": 0,
      "44": 0,
      "45": 0,
      "46": 0,
      "47": 0,
      "48": 0,
      "49": 0,
      "50": 0,
      "51": 0,
      "52": 0,
      "53": 0,
      "54": 0,
      "55": 0,
      "56": 0,
      "57": 0,
      "58": 0,
      "59": 0,
      "60": 0,
      "61": 0,
      "62": 0,
      "63": 0,
      "64": 0,
      "65": 0,
      "66": 0,
      "67": 0,
      "68": 0,
      "69": 0,
      "70": 0,
      "71": 0,
      "72": 0,
      "73": 0,
      "74": 0,
      "75": 0,
      "76": 0,
      "77": 0,
      "78": 0,
      "79": 0,
      "80": 0,
      "81": 0,
      "82": 0,
      "83": 0,
      "84": 0,
      "85": 0,
      "86": 0,
      "87": 0,
      "88": 0,
      "89": 0,
      "90": 0,
      "91": 0,
      "92": 0,
      "93": 0,
      "94": 0,
      "95": 0,
      "96": 0,
      "97": 0,
      "98": 0,
      "99": 0,
      "100": 0,
      "101": 0,
      "102": 0,
      "103": 0,
      "104": 0,
      "105": 0,
      "106": 0,
      "107": 0,
      "108": 0
    },
    "f": {
      "0": 0,
      "1": 0,
      "2": 0,
      "3": 0,
      "4": 0,
      "5": 0,
      "6": 0,
      "7": 0,
      "8": 0,
      "9": 0,
      "10": 0,
      "11": 0,
      "12": 0,
      "13": 0,
      "14": 0,
      "15": 0,
      "16": 0,
      "17": 0,
      "18": 0,
      "19": 0,
      "20": 0,
      "21": 0,
      "22": 0,
      "23": 0,
      "24": 0,
      "25": 0,
      "26": 0,
      "27": 0,
      "28": 0,
      "29": 0,
      "30": 0,
      "31": 0,
      "32": 0,
      "33": 0,
      "34": 0,
      "35": 0,
      "36": 0,
      "37": 0,
      "38": 0,
      "39": 0,
      "40": 0,
      "41": 0,
      "42": 0,
      "43": 0,
      "44": 0,
      "45": 0,
      "46": 0,
      "47": 0,
      "48": 0
    },
    "b": {
      "0": [0, 0],
      "1": [0, 0],
      "2": [0, 0],
      "3": [0, 0],
      "4": [0, 0],
      "5": [0, 0],
      "6": [0, 0],
      "7": [0, 0, 0, 0],
      "8": [0, 0],
      "9": [0, 0],
      "10": [0, 0],
      "11": [0, 0],
      "12": [0, 0],
      "13": [0, 0],
      "14": [0, 0],
      "15": [0, 0, 0, 0, 0, 0, 0],
      "16": [0, 0],
      "17": [0, 0]
    }
  },
  "/home/asishk/Desktop/wabash/wabash-poc/frontend/src/pages/ProductDetailsPage/index.tsx": {
    "path": "/home/asishk/Desktop/wabash/wabash-poc/frontend/src/pages/ProductDetailsPage/index.tsx",
    "statementMap": {
      "0": {
        "start": { "line": 7, "column": 27 },
        "end": { "line": 15, "column": 1 }
      },
      "1": {
        "start": { "line": 8, "column": 2 },
        "end": { "line": 14, "column": 4 }
      }
    },
    "fnMap": {
      "0": {
        "name": "(anonymous_0)",
        "decl": {
          "start": { "line": 7, "column": 27 },
          "end": { "line": 7, "column": 28 }
        },
        "loc": {
          "start": { "line": 7, "column": 33 },
          "end": { "line": 15, "column": 1 }
        },
        "line": 7
      }
    },
    "branchMap": {},
    "s": { "0": 0, "1": 0 },
    "f": { "0": 0 },
    "b": {}
  },
  "/home/asishk/Desktop/wabash/wabash-poc/frontend/src/routes/index.tsx": {
    "path": "/home/asishk/Desktop/wabash/wabash-poc/frontend/src/routes/index.tsx",
    "statementMap": {
      "0": {
        "start": { "line": 11, "column": 15 },
        "end": { "line": 21, "column": 1 }
      },
      "1": {
        "start": { "line": 23, "column": 22 },
        "end": { "line": 23, "column": 49 }
      }
    },
    "fnMap": {},
    "branchMap": {},
    "s": { "0": 0, "1": 0 },
    "f": {},
    "b": {}
  }
}
