TN:
SF:src/components/atoms/Button/index.tsx
FN:22,(anonymous_0)
FN:48,(anonymous_1)
FNF:2
FNH:0
FNDA:0,(anonymous_0)
FNDA:0,(anonymous_1)
DA:21,0
DA:22,0
DA:48,0
DA:56,0
LF:4
LH:0
BRF:0
BRH:0
end_of_record
TN:
SF:src/components/atoms/Checkbox/index.tsx
FN:26,(anonymous_0)
FN:33,(anonymous_1)
FNF:2
FNH:1
FNDA:4,(anonymous_0)
FNDA:0,(anonymous_1)
DA:19,1
DA:23,1
DA:26,1
DA:33,4
DA:34,0
DA:35,0
DA:39,4
LF:7
LH:5
BRDA:34,0,0,0
BRDA:34,0,1,0
BRF:2
BRH:0
end_of_record
TN:
SF:src/components/atoms/Chip/index.tsx
FN:21,(anonymous_0)
FNF:1
FNH:0
FNDA:0,(anonymous_0)
DA:11,0
DA:21,0
DA:22,0
LF:3
LH:0
BRF:0
BRH:0
end_of_record
TN:
SF:src/components/atoms/CircularProgressBar/index.tsx
FN:23,(anonymous_0)
FNF:1
FNH:0
FNDA:0,(anonymous_0)
DA:10,0
DA:19,0
DA:23,0
DA:27,0
LF:4
LH:0
BRDA:24,0,0,0
BRDA:25,1,0,0
BRF:2
BRH:0
end_of_record
TN:
SF:src/components/atoms/GlobalSection/index.tsx
FN:25,(anonymous_0)
FN:39,(anonymous_1)
FN:46,(anonymous_2)
FNF:3
FNH:0
FNDA:0,(anonymous_0)
FNDA:0,(anonymous_1)
FNDA:0,(anonymous_2)
DA:24,0
DA:30,0
DA:39,0
DA:46,0
DA:54,0
LF:5
LH:0
BRDA:47,0,0,0
BRDA:48,1,0,0
BRDA:49,2,0,0
BRDA:50,3,0,0
BRDA:52,4,0,0
BRF:5
BRH:0
end_of_record
TN:
SF:src/components/atoms/Icon/index.tsx
FN:13,(anonymous_0)
FNF:1
FNH:1
FNDA:4,(anonymous_0)
DA:13,1
DA:20,4
LF:2
LH:2
BRF:0
BRH:0
end_of_record
TN:
SF:src/components/atoms/IconButton/index.tsx
FN:25,(anonymous_0)
FNF:1
FNH:0
FNDA:0,(anonymous_0)
DA:16,0
DA:25,0
DA:32,0
LF:3
LH:0
BRDA:29,0,0,0
BRDA:41,1,0,0
BRDA:41,1,1,0
BRF:3
BRH:0
end_of_record
TN:
SF:src/components/atoms/Image/index.tsx
FN:9,(anonymous_0)
FNF:1
FNH:0
FNDA:0,(anonymous_0)
DA:9,0
DA:16,0
LF:2
LH:0
BRF:0
BRH:0
end_of_record
TN:
SF:src/components/atoms/InputField/index.tsx
FN:24,(anonymous_0)
FN:67,(anonymous_1)
FNF:2
FNH:2
FNDA:4,(anonymous_0)
FNDA:4,(anonymous_1)
DA:18,1
DA:24,4
DA:67,1
DA:68,4
LF:4
LH:4
BRDA:50,0,0,4
BRDA:50,0,1,0
BRDA:73,1,0,4
BRDA:73,1,1,4
BRDA:75,2,0,4
BRDA:75,2,1,0
BRF:6
BRH:4
end_of_record
TN:
SF:src/components/atoms/Switch/index.tsx
FN:42,(anonymous_0)
FNF:1
FNH:0
FNDA:0,(anonymous_0)
DA:6,0
DA:42,0
DA:43,0
LF:3
LH:0
BRF:0
BRH:0
end_of_record
TN:
SF:src/components/atoms/Typography/index.tsx
FN:15,(anonymous_0)
FNF:1
FNH:1
FNDA:32,(anonymous_0)
DA:15,1
DA:22,32
LF:2
LH:2
BRF:0
BRH:0
end_of_record
TN:
SF:src/components/molecules/AccentIconWrapper/index.tsx
FN:23,(anonymous_0)
FNF:1
FNH:0
FNDA:0,(anonymous_0)
DA:11,0
DA:23,0
DA:27,0
LF:3
LH:0
BRF:0
BRH:0
end_of_record
TN:
SF:src/components/molecules/CategoryCard/index.tsx
FN:25,(anonymous_0)
FN:28,(anonymous_1)
FNF:2
FNH:0
FNDA:0,(anonymous_0)
FNDA:0,(anonymous_1)
DA:10,0
DA:19,0
DA:25,0
DA:26,0
DA:28,0
LF:5
LH:0
BRF:0
BRH:0
end_of_record
TN:
SF:src/components/molecules/CheckboxWIthLabel/index.tsx
FN:23,(anonymous_0)
FN:32,(anonymous_1)
FN:36,(anonymous_2)
FNF:3
FNH:0
FNDA:0,(anonymous_0)
FNDA:0,(anonymous_1)
FNDA:0,(anonymous_2)
DA:16,0
DA:23,0
DA:30,0
DA:32,0
DA:33,0
DA:36,0
DA:37,0
DA:38,0
DA:40,0
LF:9
LH:0
BRDA:26,0,0,0
BRDA:27,1,0,0
BRDA:28,2,0,0
BRF:3
BRH:0
end_of_record
TN:
SF:src/components/molecules/CheckboxWIthLabelIcon/index.tsx
FN:31,(anonymous_0)
FN:38,(anonymous_1)
FNF:2
FNH:0
FNDA:0,(anonymous_0)
FNDA:0,(anonymous_1)
DA:15,0
DA:23,0
DA:31,0
DA:36,0
DA:38,0
DA:39,0
DA:40,0
DA:42,0
LF:8
LH:0
BRDA:34,0,0,0
BRDA:52,1,0,0
BRDA:52,1,1,0
BRF:3
BRH:0
end_of_record
TN:
SF:src/components/molecules/CoreValueCard/index.tsx
FN:23,(anonymous_0)
FNF:1
FNH:0
FNDA:0,(anonymous_0)
DA:14,0
DA:23,0
DA:24,0
LF:3
LH:0
BRF:0
BRH:0
end_of_record
TN:
SF:src/components/molecules/HeaderContactSection/index.tsx
FN:15,(anonymous_0)
FNF:1
FNH:0
FNDA:0,(anonymous_0)
DA:8,0
DA:15,0
DA:16,0
LF:3
LH:0
BRF:0
BRH:0
end_of_record
TN:
SF:src/components/molecules/ListItemButton/index.tsx
FN:21,(anonymous_0)
FN:27,(anonymous_1)
FNF:2
FNH:0
FNDA:0,(anonymous_0)
FNDA:0,(anonymous_1)
DA:13,0
DA:21,0
DA:25,0
DA:27,0
DA:28,0
DA:29,0
DA:31,0
LF:7
LH:0
BRDA:36,0,0,0
BRDA:36,0,1,0
BRF:2
BRH:0
end_of_record
TN:
SF:src/components/molecules/OrderHeaderSection/index.tsx
FN:38,(anonymous_0)
FNF:1
FNH:0
FNDA:0,(anonymous_0)
DA:17,0
DA:23,0
DA:30,0
DA:38,0
DA:45,0
LF:5
LH:0
BRDA:101,0,0,0
BRDA:101,0,1,0
BRF:2
BRH:0
end_of_record
TN:
SF:src/components/molecules/OrderedByCard/index.tsx
FN:33,(anonymous_0)
FNF:1
FNH:0
FNDA:0,(anonymous_0)
DA:14,0
DA:20,0
DA:28,0
DA:33,0
DA:41,0
LF:5
LH:0
BRDA:76,0,0,0
BRDA:76,0,1,0
BRF:2
BRH:0
end_of_record
TN:
SF:src/components/molecules/OrderedDetailCard/index.tsx
FN:53,(anonymous_0)
FN:82,(anonymous_1)
FNF:2
FNH:0
FNDA:0,(anonymous_0)
FNDA:0,(anonymous_1)
DA:23,0
DA:29,0
DA:35,0
DA:41,0
DA:47,0
DA:53,0
DA:63,0
DA:83,0
LF:8
LH:0
BRDA:77,0,0,0
BRDA:77,0,1,0
BRDA:97,1,0,0
BRDA:97,1,1,0
BRDA:116,2,0,0
BRDA:116,2,1,0
BRF:6
BRH:0
end_of_record
TN:
SF:src/components/molecules/PaymentCard/index.tsx
FN:37,(anonymous_0)
FN:38,(anonymous_1)
FN:42,(anonymous_2)
FN:45,(anonymous_3)
FN:93,(anonymous_4)
FN:96,(anonymous_5)
FNF:6
FNH:0
FNDA:0,(anonymous_0)
FNDA:0,(anonymous_1)
FNDA:0,(anonymous_2)
FNDA:0,(anonymous_3)
FNDA:0,(anonymous_4)
FNDA:0,(anonymous_5)
DA:12,0
DA:17,0
DA:21,0
DA:26,0
DA:32,0
DA:37,0
DA:38,0
DA:39,0
DA:43,0
DA:45,0
DA:48,0
DA:94,0
DA:96,0
DA:99,0
LF:14
LH:0
BRDA:39,0,0,0
BRDA:39,0,1,0
BRF:2
BRH:0
end_of_record
TN:
SF:src/components/molecules/ProductCard/index.tsx
FN:45,(anonymous_0)
FNF:1
FNH:0
FNDA:0,(anonymous_0)
DA:17,0
DA:26,0
DA:33,0
DA:38,0
DA:45,0
DA:52,0
LF:6
LH:0
BRDA:54,0,0,0
BRDA:54,0,1,0
BRF:2
BRH:0
end_of_record
TN:
SF:src/components/molecules/ProductListCard/index.tsx
FN:39,(anonymous_0)
FN:47,(anonymous_1)
FNF:2
FNH:0
FNDA:0,(anonymous_0)
FNDA:0,(anonymous_1)
DA:18,0
DA:27,0
DA:34,0
DA:39,0
DA:47,0
DA:48,0
DA:49,0
DA:51,0
LF:8
LH:0
BRDA:48,0,0,0
BRDA:48,0,1,0
BRDA:55,1,0,0
BRDA:55,1,1,0
BRF:4
BRH:0
end_of_record
TN:
SF:src/components/molecules/ProductReferenceCard/index.tsx
FN:11,(anonymous_0)
FN:49,(anonymous_1)
FNF:2
FNH:0
FNDA:0,(anonymous_0)
FNDA:0,(anonymous_1)
DA:11,0
DA:17,0
DA:50,0
LF:3
LH:0
BRF:0
BRH:0
end_of_record
TN:
SF:src/components/molecules/SearchResultCard/index.tsx
FN:24,(anonymous_0)
FNF:1
FNH:0
FNDA:0,(anonymous_0)
DA:17,0
DA:24,0
DA:31,0
LF:3
LH:0
BRDA:34,0,0,0
BRDA:34,0,1,0
BRF:2
BRH:0
end_of_record
TN:
SF:src/components/molecules/Slide/index.tsx
FN:15,(anonymous_0)
FN:34,(anonymous_1)
FNF:2
FNH:0
FNDA:0,(anonymous_0)
FNDA:0,(anonymous_1)
DA:15,0
DA:26,0
DA:30,0
DA:34,0
DA:41,0
LF:5
LH:0
BRF:0
BRH:0
end_of_record
TN:
SF:src/components/molecules/SortDropDown/index.tsx
FN:31,(anonymous_0)
FN:96,(anonymous_1)
FN:121,(anonymous_2)
FN:138,(anonymous_3)
FN:142,(anonymous_4)
FNF:5
FNH:0
FNDA:0,(anonymous_0)
FNDA:0,(anonymous_1)
FNDA:0,(anonymous_2)
FNDA:0,(anonymous_3)
FNDA:0,(anonymous_4)
DA:20,0
DA:30,0
DA:31,0
DA:37,0
DA:41,0
DA:55,0
DA:65,0
DA:80,0
DA:96,0
DA:103,0
DA:122,0
DA:135,0
DA:139,0
DA:143,0
LF:14
LH:0
BRDA:33,0,0,0
BRDA:33,0,1,0
BRDA:105,1,0,0
BRDA:105,1,1,0
BRDA:120,2,0,0
BRDA:120,2,1,0
BRDA:122,3,0,0
BRDA:122,3,1,0
BRF:8
BRH:0
end_of_record
TN:
SF:src/components/molecules/SummaryCard/index.tsx
FN:33,(anonymous_0)
FNF:1
FNH:0
FNDA:0,(anonymous_0)
DA:11,0
DA:18,0
DA:24,0
DA:29,0
DA:33,0
DA:34,0
LF:6
LH:0
BRF:0
BRH:0
end_of_record
TN:
SF:src/components/molecules/Tabs/index.tsx
FN:13,(anonymous_0)
FN:17,(anonymous_1)
FN:21,(anonymous_2)
FNF:3
FNH:0
FNDA:0,(anonymous_0)
FNDA:0,(anonymous_1)
FNDA:0,(anonymous_2)
DA:13,0
DA:14,0
DA:18,0
DA:21,0
LF:4
LH:0
BRDA:25,0,0,0
BRDA:25,0,1,0
BRDA:32,1,0,0
BRDA:32,1,1,0
BRF:4
BRH:0
end_of_record
TN:
SF:src/components/molecules/TextualSwitch/index.tsx
FN:15,(anonymous_0)
FN:34,(anonymous_1)
FNF:2
FNH:0
FNDA:0,(anonymous_0)
FNDA:0,(anonymous_1)
DA:15,0
DA:21,0
DA:34,0
LF:3
LH:0
BRF:0
BRH:0
end_of_record
TN:
SF:src/components/molecules/UpToDate/index.tsx
FN:49,(anonymous_0)
FNF:1
FNH:0
FNDA:0,(anonymous_0)
DA:20,0
DA:27,0
DA:33,0
DA:37,0
DA:44,0
DA:49,0
DA:50,0
LF:7
LH:0
BRF:0
BRH:0
end_of_record
TN:
SF:src/components/organisms/Footer/index.tsx
FN:13,(anonymous_0)
FN:108,(anonymous_1)
FN:128,(anonymous_2)
FNF:3
FNH:0
FNDA:0,(anonymous_0)
FNDA:0,(anonymous_1)
FNDA:0,(anonymous_2)
DA:13,0
DA:14,0
DA:33,0
DA:41,0
DA:48,0
DA:54,0
DA:60,0
DA:70,0
DA:76,0
DA:93,0
DA:97,0
DA:102,0
DA:109,0
DA:129,0
LF:14
LH:0
BRF:0
BRH:0
end_of_record
TN:
SF:src/components/organisms/GlobalSearchBar/index.tsx
FN:34,(anonymous_0)
FN:41,(anonymous_1)
FN:42,(anonymous_2)
FN:52,(anonymous_3)
FN:55,(anonymous_4)
FN:65,(anonymous_5)
FN:68,(anonymous_6)
FN:71,(anonymous_7)
FN:113,(anonymous_8)
FN:125,(anonymous_9)
FNF:10
FNH:0
FNDA:0,(anonymous_0)
FNDA:0,(anonymous_1)
FNDA:0,(anonymous_2)
FNDA:0,(anonymous_3)
FNDA:0,(anonymous_4)
FNDA:0,(anonymous_5)
FNDA:0,(anonymous_6)
FNDA:0,(anonymous_7)
FNDA:0,(anonymous_8)
FNDA:0,(anonymous_9)
DA:18,0
DA:24,0
DA:34,0
DA:35,0
DA:36,0
DA:37,0
DA:38,0
DA:39,0
DA:41,0
DA:42,0
DA:43,0
DA:44,0
DA:45,0
DA:46,0
DA:47,0
DA:49,0
DA:51,0
DA:52,0
DA:53,0
DA:55,0
DA:56,0
DA:59,0
DA:66,0
DA:69,0
DA:71,0
DA:114,0
DA:126,0
LF:27
LH:0
BRDA:76,0,0,0
BRDA:76,0,1,0
BRDA:78,1,0,0
BRDA:78,1,1,0
BRDA:82,2,0,0
BRDA:82,2,1,0
BRF:6
BRH:0
end_of_record
TN:
SF:src/components/organisms/Header/index.tsx
FN:45,(anonymous_0)
FN:48,(anonymous_1)
FN:51,(anonymous_2)
FNF:3
FNH:0
FNDA:0,(anonymous_0)
FNDA:0,(anonymous_1)
FNDA:0,(anonymous_2)
DA:14,0
DA:24,0
DA:29,0
DA:36,0
DA:45,0
DA:46,0
DA:47,0
DA:48,0
DA:49,0
DA:51,0
DA:52,0
DA:54,0
LF:12
LH:0
BRF:0
BRH:0
end_of_record
TN:
SF:src/components/organisms/HeroSection/index.tsx
FN:35,(anonymous_0)
FN:54,(anonymous_1)
FN:69,(anonymous_2)
FNF:3
FNH:0
FNDA:0,(anonymous_0)
FNDA:0,(anonymous_1)
FNDA:0,(anonymous_2)
DA:16,0
DA:20,0
DA:25,0
DA:34,0
DA:35,0
DA:53,0
DA:54,0
DA:63,0
DA:69,0
DA:77,0
LF:10
LH:0
BRDA:119,0,0,0
BRDA:119,0,1,0
BRF:2
BRH:0
end_of_record
TN:
SF:src/components/organisms/HomeCarousel/index.tsx
FN:31,(anonymous_0)
FN:48,(anonymous_1)
FN:51,(anonymous_2)
FN:52,(anonymous_3)
FN:57,(anonymous_4)
FN:58,(anonymous_5)
FN:68,(anonymous_6)
FN:100,(anonymous_7)
FNF:8
FNH:0
FNDA:0,(anonymous_0)
FNDA:0,(anonymous_1)
FNDA:0,(anonymous_2)
FNDA:0,(anonymous_3)
FNDA:0,(anonymous_4)
FNDA:0,(anonymous_5)
FNDA:0,(anonymous_6)
FNDA:0,(anonymous_7)
DA:9,0
DA:15,0
DA:21,0
DA:31,0
DA:40,0
DA:48,0
DA:49,0
DA:51,0
DA:52,0
DA:53,0
DA:57,0
DA:58,0
DA:59,0
DA:63,0
DA:69,0
DA:101,0
LF:16
LH:0
BRDA:36,0,0,0
BRDA:36,0,1,0
BRDA:37,1,0,0
BRDA:37,1,1,0
BRDA:53,2,0,0
BRDA:53,2,1,0
BRDA:59,3,0,0
BRDA:59,3,1,0
BRF:8
BRH:0
end_of_record
TN:
SF:src/components/organisms/InvoiceTable/index.tsx
FN:91,(anonymous_0)
FN:99,(anonymous_1)
FN:105,(anonymous_2)
FN:109,(anonymous_3)
FN:113,(anonymous_4)
FN:114,(anonymous_5)
FN:130,(anonymous_6)
FN:136,(anonymous_7)
FN:154,(anonymous_8)
FN:158,(anonymous_9)
FN:222,(anonymous_10)
FN:230,(anonymous_11)
FN:253,(anonymous_12)
FN:260,(anonymous_13)
FN:272,(anonymous_14)
FN:279,(anonymous_15)
FN:294,(anonymous_16)
FNF:17
FNH:8
FNDA:5,(anonymous_0)
FNDA:2,(anonymous_1)
FNDA:2,(anonymous_2)
FNDA:0,(anonymous_3)
FNDA:2,(anonymous_4)
FNDA:0,(anonymous_5)
FNDA:2,(anonymous_6)
FNDA:0,(anonymous_7)
FNDA:0,(anonymous_8)
FNDA:0,(anonymous_9)
FNDA:0,(anonymous_10)
FNDA:4,(anonymous_11)
FNDA:0,(anonymous_12)
FNDA:0,(anonymous_13)
FNDA:4,(anonymous_14)
FNDA:28,(anonymous_15)
FNDA:0,(anonymous_16)
DA:15,1
DA:19,1
DA:28,1
DA:32,1
DA:37,1
DA:44,1
DA:61,1
DA:81,1
DA:91,1
DA:92,5
DA:93,4
DA:94,4
DA:95,4
DA:96,4
DA:97,4
DA:99,4
DA:100,2
DA:101,2
DA:102,2
DA:105,4
DA:106,2
DA:109,4
DA:110,0
DA:113,4
DA:114,2
DA:115,0
DA:116,0
DA:126,2
DA:130,4
DA:131,2
DA:132,0
DA:133,0
DA:136,2
DA:137,0
DA:138,0
DA:142,0
DA:143,0
DA:144,0
DA:145,0
DA:147,0
DA:150,2
DA:154,4
DA:155,0
DA:158,4
DA:159,0
DA:223,0
DA:230,4
DA:231,4
DA:254,0
DA:255,0
DA:261,0
DA:262,0
DA:272,4
DA:273,4
DA:280,28
DA:295,0
DA:301,4
LF:57
LH:37
BRDA:117,0,0,0
BRDA:117,0,1,0
BRDA:117,0,2,0
BRDA:117,0,3,0
BRDA:117,0,4,0
BRDA:117,0,5,0
BRDA:117,0,6,0
BRDA:131,1,0,0
BRDA:131,1,1,2
BRDA:131,2,0,2
BRDA:131,2,1,0
BRDA:132,3,0,0
BRDA:132,3,1,0
BRDA:137,4,0,0
BRDA:137,4,1,0
BRDA:137,5,0,0
BRDA:137,5,1,0
BRDA:139,6,0,0
BRDA:139,6,1,0
BRDA:142,7,0,0
BRDA:142,7,1,0
BRDA:144,8,0,0
BRDA:144,8,1,0
BRDA:254,9,0,0
BRDA:254,9,1,0
BRDA:261,10,0,0
BRDA:261,10,1,0
BRF:27
BRH:2
end_of_record
TN:
SF:src/components/organisms/OrderTable/index.tsx
FN:104,(anonymous_0)
FN:118,(anonymous_1)
FN:124,(anonymous_2)
FN:128,(anonymous_3)
FN:132,(anonymous_4)
FN:136,(anonymous_5)
FN:137,(anonymous_6)
FN:153,(anonymous_7)
FN:159,(anonymous_8)
FN:176,(anonymous_9)
FN:251,(anonymous_10)
FN:259,(anonymous_11)
FN:266,(anonymous_12)
FN:281,(anonymous_13)
FN:288,(anonymous_14)
FN:311,(anonymous_15)
FN:318,(anonymous_16)
FN:331,(anonymous_17)
FN:334,(anonymous_18)
FNF:19
FNH:0
FNDA:0,(anonymous_0)
FNDA:0,(anonymous_1)
FNDA:0,(anonymous_2)
FNDA:0,(anonymous_3)
FNDA:0,(anonymous_4)
FNDA:0,(anonymous_5)
FNDA:0,(anonymous_6)
FNDA:0,(anonymous_7)
FNDA:0,(anonymous_8)
FNDA:0,(anonymous_9)
FNDA:0,(anonymous_10)
FNDA:0,(anonymous_11)
FNDA:0,(anonymous_12)
FNDA:0,(anonymous_13)
FNDA:0,(anonymous_14)
FNDA:0,(anonymous_15)
FNDA:0,(anonymous_16)
FNDA:0,(anonymous_17)
FNDA:0,(anonymous_18)
DA:17,0
DA:21,0
DA:30,0
DA:46,0
DA:50,0
DA:55,0
DA:62,0
DA:71,0
DA:91,0
DA:104,0
DA:105,0
DA:106,0
DA:107,0
DA:108,0
DA:109,0
DA:110,0
DA:111,0
DA:113,0
DA:118,0
DA:119,0
DA:120,0
DA:121,0
DA:124,0
DA:125,0
DA:128,0
DA:129,0
DA:132,0
DA:133,0
DA:136,0
DA:137,0
DA:138,0
DA:140,0
DA:147,0
DA:148,0
DA:150,0
DA:153,0
DA:154,0
DA:155,0
DA:156,0
DA:159,0
DA:160,0
DA:161,0
DA:165,0
DA:166,0
DA:167,0
DA:168,0
DA:170,0
DA:173,0
DA:176,0
DA:177,0
DA:252,0
DA:259,0
DA:260,0
DA:267,0
DA:282,0
DA:288,0
DA:289,0
DA:312,0
DA:313,0
DA:319,0
DA:320,0
DA:331,0
DA:335,0
DA:344,0
LF:64
LH:0
BRDA:140,0,0,0
BRDA:140,0,1,0
BRDA:140,0,2,0
BRDA:140,0,3,0
BRDA:140,0,4,0
BRDA:140,0,5,0
BRDA:147,1,0,0
BRDA:147,1,1,0
BRDA:148,2,0,0
BRDA:148,2,1,0
BRDA:154,3,0,0
BRDA:154,3,1,0
BRDA:154,4,0,0
BRDA:154,4,1,0
BRDA:155,5,0,0
BRDA:155,5,1,0
BRDA:160,6,0,0
BRDA:160,6,1,0
BRDA:160,7,0,0
BRDA:160,7,1,0
BRDA:162,8,0,0
BRDA:162,8,1,0
BRDA:165,9,0,0
BRDA:165,9,1,0
BRDA:167,10,0,0
BRDA:167,10,1,0
BRDA:231,11,0,0
BRDA:231,11,1,0
BRDA:312,12,0,0
BRDA:312,12,1,0
BRDA:319,13,0,0
BRDA:319,13,1,0
BRDA:330,14,0,0
BRDA:330,14,1,0
BRF:34
BRH:0
end_of_record
TN:
SF:src/components/organisms/Pagination/hook.tsx
FN:3,(anonymous_0)
FN:11,(anonymous_1)
FN:19,(anonymous_2)
FNF:3
FNH:0
FNDA:0,(anonymous_0)
FNDA:0,(anonymous_1)
FNDA:0,(anonymous_2)
DA:3,0
DA:7,0
DA:8,0
DA:10,0
DA:12,0
DA:13,0
DA:18,0
DA:20,0
DA:25,0
LF:9
LH:0
BRF:0
BRH:0
end_of_record
TN:
SF:src/components/organisms/Pagination/index.tsx
FN:59,(anonymous_0)
FN:84,(anonymous_1)
FN:92,(anonymous_2)
FN:108,(anonymous_3)
FNF:4
FNH:0
FNDA:0,(anonymous_0)
FNDA:0,(anonymous_1)
FNDA:0,(anonymous_2)
FNDA:0,(anonymous_3)
DA:16,0
DA:59,0
DA:67,0
DA:85,0
DA:92,0
DA:109,0
LF:6
LH:0
BRDA:94,0,0,0
BRDA:94,0,1,0
BRF:2
BRH:0
end_of_record
TN:
SF:src/components/organisms/ProductDetails/index.tsx
FN:121,(anonymous_0)
FN:155,(anonymous_1)
FN:159,(anonymous_2)
FN:164,(anonymous_3)
FN:165,(anonymous_4)
FN:176,(anonymous_5)
FN:179,(anonymous_6)
FN:191,(anonymous_7)
FN:237,(anonymous_8)
FN:317,(anonymous_9)
FN:327,(anonymous_10)
FN:343,(anonymous_11)
FNF:12
FNH:0
FNDA:0,(anonymous_0)
FNDA:0,(anonymous_1)
FNDA:0,(anonymous_2)
FNDA:0,(anonymous_3)
FNDA:0,(anonymous_4)
FNDA:0,(anonymous_5)
FNDA:0,(anonymous_6)
FNDA:0,(anonymous_7)
FNDA:0,(anonymous_8)
FNDA:0,(anonymous_9)
FNDA:0,(anonymous_10)
FNDA:0,(anonymous_11)
DA:43,0
DA:54,0
DA:62,0
DA:69,0
DA:74,0
DA:81,0
DA:85,0
DA:88,0
DA:91,0
DA:96,0
DA:102,0
DA:121,0
DA:122,0
DA:123,0
DA:125,0
DA:126,0
DA:142,0
DA:155,0
DA:156,0
DA:159,0
DA:160,0
DA:163,0
DA:164,0
DA:165,0
DA:166,0
DA:168,0
DA:170,0
DA:173,0
DA:174,0
DA:175,0
DA:176,0
DA:178,0
DA:179,0
DA:183,0
DA:185,0
DA:187,0
DA:188,0
DA:191,0
DA:238,0
DA:318,0
DA:328,0
DA:344,0
LF:42
LH:0
BRDA:183,0,0,0
BRDA:183,0,1,0
BRDA:355,1,0,0
BRDA:355,1,1,0
BRDA:355,2,0,0
BRDA:355,2,1,0
BRF:6
BRH:0
end_of_record
TN:
SF:src/components/organisms/ShippingCard/index.tsx
FN:30,(anonymous_0)
FNF:1
FNH:0
FNDA:0,(anonymous_0)
DA:12,0
DA:17,0
DA:25,0
DA:30,0
DA:36,0
LF:5
LH:0
BRF:0
BRH:0
end_of_record
TN:
SF:src/components/organisms/SignedHeader/index.tsx
FN:45,(anonymous_0)
FN:48,(anonymous_1)
FN:51,(anonymous_2)
FNF:3
FNH:0
FNDA:0,(anonymous_0)
FNDA:0,(anonymous_1)
FNDA:0,(anonymous_2)
DA:14,0
DA:24,0
DA:29,0
DA:36,0
DA:45,0
DA:46,0
DA:47,0
DA:48,0
DA:49,0
DA:51,0
DA:52,0
DA:54,0
LF:12
LH:0
BRF:0
BRH:0
end_of_record
TN:
SF:src/components/organisms/TreeView/index.tsx
FN:114,(anonymous_0)
FN:116,(anonymous_1)
FN:125,(anonymous_2)
FN:132,(anonymous_3)
FN:148,(anonymous_4)
FN:160,(anonymous_5)
FN:178,(anonymous_6)
FN:238,(anonymous_7)
FN:240,(anonymous_8)
FN:244,(anonymous_9)
FN:259,(anonymous_10)
FN:277,(anonymous_11)
FN:283,(anonymous_12)
FN:322,(anonymous_13)
FN:337,(anonymous_14)
FN:343,(anonymous_15)
FNF:16
FNH:0
FNDA:0,(anonymous_0)
FNDA:0,(anonymous_1)
FNDA:0,(anonymous_2)
FNDA:0,(anonymous_3)
FNDA:0,(anonymous_4)
FNDA:0,(anonymous_5)
FNDA:0,(anonymous_6)
FNDA:0,(anonymous_7)
FNDA:0,(anonymous_8)
FNDA:0,(anonymous_9)
FNDA:0,(anonymous_10)
FNDA:0,(anonymous_11)
FNDA:0,(anonymous_12)
FNDA:0,(anonymous_13)
FNDA:0,(anonymous_14)
FNDA:0,(anonymous_15)
DA:65,0
DA:72,0
DA:81,0
DA:89,0
DA:93,0
DA:99,0
DA:103,0
DA:106,0
DA:109,0
DA:114,0
DA:115,0
DA:116,0
DA:125,0
DA:126,0
DA:132,0
DA:148,0
DA:152,0
DA:154,0
DA:160,0
DA:177,0
DA:178,0
DA:179,0
DA:181,0
DA:182,0
DA:239,0
DA:240,0
DA:243,0
DA:244,0
DA:247,0
DA:249,0
DA:260,0
DA:278,0
DA:284,0
DA:323,0
DA:338,0
DA:344,0
LF:36
LH:0
BRDA:248,0,0,0
BRDA:248,0,1,0
BRDA:258,1,0,0
BRDA:258,1,1,0
BRDA:327,2,0,0
BRDA:327,2,1,0
BRF:6
BRH:0
end_of_record
TN:
SF:src/components/templates/MainTemplate/index.tsx
FN:15,(anonymous_0)
FNF:1
FNH:0
FNDA:0,(anonymous_0)
DA:9,0
DA:15,0
DA:16,0
LF:3
LH:0
BRF:0
BRH:0
end_of_record
TN:
SF:src/pages/Categories/index.tsx
FN:121,(anonymous_0)
FN:123,(anonymous_1)
FN:145,(anonymous_2)
FN:146,(anonymous_3)
FN:147,(anonymous_4)
FN:152,(anonymous_5)
FN:162,(anonymous_6)
FN:166,(anonymous_7)
FN:167,(anonymous_8)
FN:172,(anonymous_9)
FN:175,(anonymous_10)
FN:177,(anonymous_11)
FN:189,(anonymous_12)
FN:189,(anonymous_13)
FN:190,(anonymous_14)
FN:193,(anonymous_15)
FN:198,(anonymous_16)
FN:205,(anonymous_17)
FN:209,(anonymous_18)
FN:213,(anonymous_19)
FN:217,(anonymous_20)
FN:221,(anonymous_21)
FN:225,(anonymous_22)
FN:226,(anonymous_23)
FN:227,(anonymous_24)
FN:235,(anonymous_25)
FN:237,(anonymous_26)
FN:240,(anonymous_27)
FN:247,(anonymous_28)
FN:256,(anonymous_29)
FN:260,(anonymous_30)
FN:263,(anonymous_31)
FN:266,(anonymous_32)
FN:269,(anonymous_33)
FN:273,(anonymous_34)
FN:275,(anonymous_35)
FN:289,(anonymous_36)
FN:291,(anonymous_37)
FN:292,(anonymous_38)
FN:295,(anonymous_39)
FN:297,(anonymous_40)
FN:303,(anonymous_41)
FN:313,(anonymous_42)
FN:335,(anonymous_43)
FN:339,(anonymous_44)
FN:340,(anonymous_45)
FN:345,(anonymous_46)
FN:358,(anonymous_47)
FN:433,(anonymous_48)
FN:441,(anonymous_49)
FN:452,(anonymous_50)
FN:459,(anonymous_51)
FN:470,(anonymous_52)
FN:473,(anonymous_53)
FN:491,(anonymous_54)
FN:533,(anonymous_55)
FN:537,(anonymous_56)
FNF:57
FNH:0
FNDA:0,(anonymous_0)
FNDA:0,(anonymous_1)
FNDA:0,(anonymous_2)
FNDA:0,(anonymous_3)
FNDA:0,(anonymous_4)
FNDA:0,(anonymous_5)
FNDA:0,(anonymous_6)
FNDA:0,(anonymous_7)
FNDA:0,(anonymous_8)
FNDA:0,(anonymous_9)
FNDA:0,(anonymous_10)
FNDA:0,(anonymous_11)
FNDA:0,(anonymous_12)
FNDA:0,(anonymous_13)
FNDA:0,(anonymous_14)
FNDA:0,(anonymous_15)
FNDA:0,(anonymous_16)
FNDA:0,(anonymous_17)
FNDA:0,(anonymous_18)
FNDA:0,(anonymous_19)
FNDA:0,(anonymous_20)
FNDA:0,(anonymous_21)
FNDA:0,(anonymous_22)
FNDA:0,(anonymous_23)
FNDA:0,(anonymous_24)
FNDA:0,(anonymous_25)
FNDA:0,(anonymous_26)
FNDA:0,(anonymous_27)
FNDA:0,(anonymous_28)
FNDA:0,(anonymous_29)
FNDA:0,(anonymous_30)
FNDA:0,(anonymous_31)
FNDA:0,(anonymous_32)
FNDA:0,(anonymous_33)
FNDA:0,(anonymous_34)
FNDA:0,(anonymous_35)
FNDA:0,(anonymous_36)
FNDA:0,(anonymous_37)
FNDA:0,(anonymous_38)
FNDA:0,(anonymous_39)
FNDA:0,(anonymous_40)
FNDA:0,(anonymous_41)
FNDA:0,(anonymous_42)
FNDA:0,(anonymous_43)
FNDA:0,(anonymous_44)
FNDA:0,(anonymous_45)
FNDA:0,(anonymous_46)
FNDA:0,(anonymous_47)
FNDA:0,(anonymous_48)
FNDA:0,(anonymous_49)
FNDA:0,(anonymous_50)
FNDA:0,(anonymous_51)
FNDA:0,(anonymous_52)
FNDA:0,(anonymous_53)
FNDA:0,(anonymous_54)
FNDA:0,(anonymous_55)
FNDA:0,(anonymous_56)
DA:37,0
DA:43,0
DA:50,0
DA:59,0
DA:67,0
DA:75,0
DA:79,0
DA:86,0
DA:93,0
DA:102,0
DA:112,0
DA:121,0
DA:122,0
DA:123,0
DA:124,0
DA:126,0
DA:127,0
DA:128,0
DA:131,0
DA:132,0
DA:135,0
DA:136,0
DA:138,0
DA:139,0
DA:142,0
DA:144,0
DA:145,0
DA:146,0
DA:147,0
DA:148,0
DA:152,0
DA:162,0
DA:166,0
DA:167,0
DA:168,0
DA:172,0
DA:175,0
DA:178,0
DA:189,0
DA:190,0
DA:191,0
DA:193,0
DA:197,0
DA:198,0
DA:199,0
DA:200,0
DA:201,0
DA:202,0
DA:205,0
DA:209,0
DA:213,0
DA:217,0
DA:221,0
DA:222,0
DA:225,0
DA:226,0
DA:227,0
DA:228,0
DA:235,0
DA:236,0
DA:237,0
DA:240,0
DA:246,0
DA:247,0
DA:252,0
DA:253,0
DA:256,0
DA:257,0
DA:260,0
DA:261,0
DA:263,0
DA:264,0
DA:266,0
DA:267,0
DA:269,0
DA:270,0
DA:273,0
DA:274,0
DA:276,0
DA:280,0
DA:281,0
DA:283,0
DA:286,0
DA:290,0
DA:291,0
DA:292,0
DA:294,0
DA:296,0
DA:298,0
DA:304,0
DA:309,0
DA:313,0
DA:314,0
DA:316,0
DA:318,0
DA:320,0
DA:322,0
DA:324,0
DA:326,0
DA:328,0
DA:331,0
DA:332,0
DA:334,0
DA:335,0
DA:339,0
DA:340,0
DA:341,0
DA:345,0
DA:354,0
DA:355,0
DA:358,0
DA:359,0
DA:360,0
DA:363,0
DA:434,0
DA:442,0
DA:453,0
DA:460,0
DA:471,0
DA:474,0
DA:534,0
DA:538,0
DA:551,0
LF:123
LH:0
BRDA:148,0,0,0
BRDA:148,0,1,0
BRDA:168,1,0,0
BRDA:168,1,1,0
BRDA:175,2,0,0
BRDA:175,2,1,0
BRDA:178,3,0,0
BRDA:178,3,1,0
BRDA:191,4,0,0
BRDA:191,4,1,0
BRDA:228,5,0,0
BRDA:228,5,1,0
BRDA:276,6,0,0
BRDA:276,6,1,0
BRDA:277,7,0,0
BRDA:277,7,1,0
BRDA:277,7,2,0
BRDA:277,7,3,0
BRDA:280,8,0,0
BRDA:280,8,1,0
BRDA:280,9,0,0
BRDA:280,9,1,0
BRDA:290,10,0,0
BRDA:290,10,1,0
BRDA:291,11,0,0
BRDA:291,11,1,0
BRDA:295,12,0,0
BRDA:295,12,1,0
BRDA:298,13,0,0
BRDA:298,13,1,0
BRDA:304,14,0,0
BRDA:304,14,1,0
BRDA:314,15,0,0
BRDA:314,15,1,0
BRDA:314,15,2,0
BRDA:314,15,3,0
BRDA:314,15,4,0
BRDA:314,15,5,0
BRDA:314,15,6,0
BRDA:334,16,0,0
BRDA:334,16,1,0
BRDA:341,17,0,0
BRDA:341,17,1,0
BRDA:373,18,0,0
BRDA:373,18,1,0
BRDA:429,19,0,0
BRDA:429,19,1,0
BRDA:515,20,0,0
BRDA:515,20,1,0
BRF:49
BRH:0
end_of_record
TN:
SF:src/pages/Home/index.tsx
FN:117,(anonymous_0)
FN:119,(anonymous_1)
FN:125,(anonymous_2)
FN:130,(anonymous_3)
FN:136,(anonymous_4)
FN:181,(anonymous_5)
FN:226,(anonymous_6)
FNF:7
FNH:0
FNDA:0,(anonymous_0)
FNDA:0,(anonymous_1)
FNDA:0,(anonymous_2)
FNDA:0,(anonymous_3)
FNDA:0,(anonymous_4)
FNDA:0,(anonymous_5)
FNDA:0,(anonymous_6)
DA:31,0
DA:37,0
DA:46,0
DA:54,0
DA:59,0
DA:67,0
DA:71,0
DA:75,0
DA:85,0
DA:88,0
DA:97,0
DA:109,0
DA:117,0
DA:118,0
DA:119,0
DA:120,0
DA:121,0
DA:125,0
DA:126,0
DA:127,0
DA:130,0
DA:131,0
DA:137,0
DA:182,0
DA:272,0
LF:25
LH:0
BRDA:120,0,0,0
BRDA:120,0,1,0
BRDA:126,1,0,0
BRDA:126,1,1,0
BRF:4
BRH:0
end_of_record
TN:
SF:src/pages/InvoiceDetails/index.tsx
FN:104,(anonymous_0)
FN:106,(anonymous_1)
FN:109,(anonymous_2)
FN:110,(anonymous_3)
FN:117,(anonymous_4)
FN:125,(anonymous_5)
FN:230,(anonymous_6)
FNF:7
FNH:0
FNDA:0,(anonymous_0)
FNDA:0,(anonymous_1)
FNDA:0,(anonymous_2)
FNDA:0,(anonymous_3)
FNDA:0,(anonymous_4)
FNDA:0,(anonymous_5)
FNDA:0,(anonymous_6)
DA:30,0
DA:37,0
DA:46,0
DA:54,0
DA:60,0
DA:67,0
DA:74,0
DA:81,0
DA:87,0
DA:92,0
DA:98,0
DA:104,0
DA:105,0
DA:106,0
DA:107,0
DA:108,0
DA:109,0
DA:110,0
DA:111,0
DA:113,0
DA:115,0
DA:117,0
DA:118,0
DA:125,0
DA:251,0
LF:25
LH:0
BRDA:105,0,0,0
BRDA:120,1,0,0
BRDA:120,1,1,0
BRF:3
BRH:0
end_of_record
TN:
SF:src/pages/OrderDetails/index.tsx
FN:91,(anonymous_0)
FN:93,(anonymous_1)
FN:96,(anonymous_2)
FN:97,(anonymous_3)
FN:104,(anonymous_4)
FN:112,(anonymous_5)
FN:199,(anonymous_6)
FNF:7
FNH:0
FNDA:0,(anonymous_0)
FNDA:0,(anonymous_1)
FNDA:0,(anonymous_2)
FNDA:0,(anonymous_3)
FNDA:0,(anonymous_4)
FNDA:0,(anonymous_5)
FNDA:0,(anonymous_6)
DA:31,0
DA:37,0
DA:43,0
DA:50,0
DA:56,0
DA:61,0
DA:68,0
DA:77,0
DA:85,0
DA:91,0
DA:92,0
DA:93,0
DA:94,0
DA:95,0
DA:96,0
DA:97,0
DA:98,0
DA:100,0
DA:102,0
DA:104,0
DA:105,0
DA:112,0
DA:220,0
LF:23
LH:0
BRDA:92,0,0,0
BRDA:107,1,0,0
BRDA:107,1,1,0
BRF:3
BRH:0
end_of_record
TN:
SF:src/pages/OrderPage/index.tsx
FN:36,(anonymous_0)
FN:38,(anonymous_1)
FN:42,(anonymous_2)
FNF:3
FNH:0
FNDA:0,(anonymous_0)
FNDA:0,(anonymous_1)
FNDA:0,(anonymous_2)
DA:19,0
DA:25,0
DA:31,0
DA:36,0
DA:37,0
DA:38,0
DA:39,0
DA:42,0
DA:43,0
DA:87,0
LF:10
LH:0
BRDA:75,0,0,0
BRDA:75,0,1,0
BRF:2
BRH:0
end_of_record
TN:
SF:src/pages/Parts/index.tsx
FN:192,(anonymous_0)
FN:194,(anonymous_1)
FN:213,(anonymous_2)
FN:214,(anonymous_3)
FN:215,(anonymous_4)
FN:220,(anonymous_5)
FN:229,(anonymous_6)
FN:233,(anonymous_7)
FN:234,(anonymous_8)
FN:238,(anonymous_9)
FN:243,(anonymous_10)
FN:255,(anonymous_11)
FN:255,(anonymous_12)
FN:256,(anonymous_13)
FN:259,(anonymous_14)
FN:265,(anonymous_15)
FN:272,(anonymous_16)
FN:276,(anonymous_17)
FN:280,(anonymous_18)
FN:284,(anonymous_19)
FN:288,(anonymous_20)
FN:293,(anonymous_21)
FN:294,(anonymous_22)
FN:295,(anonymous_23)
FN:303,(anonymous_24)
FN:305,(anonymous_25)
FN:308,(anonymous_26)
FN:315,(anonymous_27)
FN:324,(anonymous_28)
FN:328,(anonymous_29)
FN:331,(anonymous_30)
FN:334,(anonymous_31)
FN:337,(anonymous_32)
FN:341,(anonymous_33)
FN:343,(anonymous_34)
FN:357,(anonymous_35)
FN:359,(anonymous_36)
FN:360,(anonymous_37)
FN:363,(anonymous_38)
FN:365,(anonymous_39)
FN:371,(anonymous_40)
FN:381,(anonymous_41)
FN:455,(anonymous_42)
FN:463,(anonymous_43)
FN:472,(anonymous_44)
FN:479,(anonymous_45)
FN:490,(anonymous_46)
FN:493,(anonymous_47)
FN:511,(anonymous_48)
FNF:49
FNH:0
FNDA:0,(anonymous_0)
FNDA:0,(anonymous_1)
FNDA:0,(anonymous_2)
FNDA:0,(anonymous_3)
FNDA:0,(anonymous_4)
FNDA:0,(anonymous_5)
FNDA:0,(anonymous_6)
FNDA:0,(anonymous_7)
FNDA:0,(anonymous_8)
FNDA:0,(anonymous_9)
FNDA:0,(anonymous_10)
FNDA:0,(anonymous_11)
FNDA:0,(anonymous_12)
FNDA:0,(anonymous_13)
FNDA:0,(anonymous_14)
FNDA:0,(anonymous_15)
FNDA:0,(anonymous_16)
FNDA:0,(anonymous_17)
FNDA:0,(anonymous_18)
FNDA:0,(anonymous_19)
FNDA:0,(anonymous_20)
FNDA:0,(anonymous_21)
FNDA:0,(anonymous_22)
FNDA:0,(anonymous_23)
FNDA:0,(anonymous_24)
FNDA:0,(anonymous_25)
FNDA:0,(anonymous_26)
FNDA:0,(anonymous_27)
FNDA:0,(anonymous_28)
FNDA:0,(anonymous_29)
FNDA:0,(anonymous_30)
FNDA:0,(anonymous_31)
FNDA:0,(anonymous_32)
FNDA:0,(anonymous_33)
FNDA:0,(anonymous_34)
FNDA:0,(anonymous_35)
FNDA:0,(anonymous_36)
FNDA:0,(anonymous_37)
FNDA:0,(anonymous_38)
FNDA:0,(anonymous_39)
FNDA:0,(anonymous_40)
FNDA:0,(anonymous_41)
FNDA:0,(anonymous_42)
FNDA:0,(anonymous_43)
FNDA:0,(anonymous_44)
FNDA:0,(anonymous_45)
FNDA:0,(anonymous_46)
FNDA:0,(anonymous_47)
FNDA:0,(anonymous_48)
DA:31,0
DA:37,0
DA:44,0
DA:53,0
DA:61,0
DA:69,0
DA:73,0
DA:80,0
DA:87,0
DA:96,0
DA:177,0
DA:192,0
DA:193,0
DA:194,0
DA:195,0
DA:197,0
DA:199,0
DA:200,0
DA:203,0
DA:204,0
DA:206,0
DA:207,0
DA:210,0
DA:212,0
DA:213,0
DA:214,0
DA:215,0
DA:216,0
DA:220,0
DA:229,0
DA:233,0
DA:234,0
DA:235,0
DA:239,0
DA:244,0
DA:255,0
DA:256,0
DA:257,0
DA:259,0
DA:263,0
DA:265,0
DA:266,0
DA:267,0
DA:268,0
DA:269,0
DA:272,0
DA:276,0
DA:280,0
DA:284,0
DA:288,0
DA:289,0
DA:293,0
DA:294,0
DA:295,0
DA:296,0
DA:303,0
DA:304,0
DA:305,0
DA:308,0
DA:314,0
DA:315,0
DA:320,0
DA:321,0
DA:324,0
DA:325,0
DA:328,0
DA:329,0
DA:331,0
DA:332,0
DA:334,0
DA:335,0
DA:337,0
DA:338,0
DA:341,0
DA:342,0
DA:344,0
DA:348,0
DA:349,0
DA:351,0
DA:354,0
DA:358,0
DA:359,0
DA:360,0
DA:362,0
DA:364,0
DA:366,0
DA:372,0
DA:377,0
DA:381,0
DA:382,0
DA:384,0
DA:386,0
DA:388,0
DA:390,0
DA:392,0
DA:394,0
DA:396,0
DA:399,0
DA:400,0
DA:401,0
DA:402,0
DA:456,0
DA:464,0
DA:473,0
DA:480,0
DA:491,0
DA:494,0
DA:536,0
LF:108
LH:0
BRDA:216,0,0,0
BRDA:216,0,1,0
BRDA:235,1,0,0
BRDA:235,1,1,0
BRDA:239,2,0,0
BRDA:239,2,1,0
BRDA:244,3,0,0
BRDA:244,3,1,0
BRDA:257,4,0,0
BRDA:257,4,1,0
BRDA:296,5,0,0
BRDA:296,5,1,0
BRDA:344,6,0,0
BRDA:344,6,1,0
BRDA:345,7,0,0
BRDA:345,7,1,0
BRDA:345,7,2,0
BRDA:345,7,3,0
BRDA:348,8,0,0
BRDA:348,8,1,0
BRDA:348,9,0,0
BRDA:348,9,1,0
BRDA:358,10,0,0
BRDA:358,10,1,0
BRDA:359,11,0,0
BRDA:359,11,1,0
BRDA:363,12,0,0
BRDA:363,12,1,0
BRDA:366,13,0,0
BRDA:366,13,1,0
BRDA:372,14,0,0
BRDA:372,14,1,0
BRDA:382,15,0,0
BRDA:382,15,1,0
BRDA:382,15,2,0
BRDA:382,15,3,0
BRDA:382,15,4,0
BRDA:382,15,5,0
BRDA:382,15,6,0
BRDA:401,16,0,0
BRDA:401,16,1,0
BRDA:453,17,0,0
BRDA:453,17,1,0
BRF:43
BRH:0
end_of_record
TN:
SF:src/pages/ProductDetailsPage/index.tsx
FN:7,(anonymous_0)
FNF:1
FNH:0
FNDA:0,(anonymous_0)
DA:7,0
DA:8,0
LF:2
LH:0
BRF:0
BRH:0
end_of_record
TN:
SF:src/routes/index.tsx
FNF:0
FNH:0
DA:11,0
DA:23,0
LF:2
LH:0
BRF:0
BRH:0
end_of_record
